[Wed Oct 24 19:34:37.419182 2018] [ssl:warn] [pid 988:tid 708] AH01909: www.example.com:443:0 server certificate does NOT include an ID which matches the server name
[Wed Oct 24 19:34:37.511130 2018] [ssl:warn] [pid 988:tid 708] AH01909: www.example.com:443:0 server certificate does NOT include an ID which matches the server name
[Wed Oct 24 19:34:37.606074 2018] [mpm_winnt:notice] [pid 988:tid 708] AH00455: Apache/2.4.35 (Win32) OpenSSL/1.1.0i PHP/7.2.11 configured -- resuming normal operations
[Wed Oct 24 19:34:37.606074 2018] [mpm_winnt:notice] [pid 988:tid 708] AH00456: Apache Lounge VC15 Server built: Sep 19 2018 15:43:45
[Wed Oct 24 19:34:37.607075 2018] [core:notice] [pid 988:tid 708] AH00094: Command line: 'C:\\xampp\\apache\\bin\\httpd.exe -d C:/xampp/apache'
[Wed Oct 24 19:34:37.621066 2018] [mpm_winnt:notice] [pid 988:tid 708] AH00418: Parent: Created child process 6440
[Wed Oct 24 19:34:38.509556 2018] [ssl:warn] [pid 6440:tid 732] AH01909: www.example.com:443:0 server certificate does NOT include an ID which matches the server name
[Wed Oct 24 19:34:38.574518 2018] [ssl:warn] [pid 6440:tid 732] AH01909: www.example.com:443:0 server certificate does NOT include an ID which matches the server name
[Wed Oct 24 19:34:38.626489 2018] [mpm_winnt:notice] [pid 6440:tid 732] AH00354: Child: Starting 150 worker threads.
[Wed Oct 24 19:35:55.172804 2018] [ssl:warn] [pid 11624:tid 636] AH01909: www.example.com:443:0 server certificate does NOT include an ID which matches the server name
[Wed Oct 24 19:35:55.237602 2018] [ssl:warn] [pid 11624:tid 636] AH01909: www.example.com:443:0 server certificate does NOT include an ID which matches the server name
[Wed Oct 24 19:35:55.270582 2018] [mpm_winnt:notice] [pid 11624:tid 636] AH00455: Apache/2.4.35 (Win32) OpenSSL/1.1.0i PHP/7.2.11 configured -- resuming normal operations
[Wed Oct 24 19:35:55.270582 2018] [mpm_winnt:notice] [pid 11624:tid 636] AH00456: Apache Lounge VC15 Server built: Sep 19 2018 15:43:45
[Wed Oct 24 19:35:55.270582 2018] [core:notice] [pid 11624:tid 636] AH00094: Command line: 'c:\\xampp\\apache\\bin\\httpd.exe -d C:/xampp/apache'
[Wed Oct 24 19:35:55.282781 2018] [mpm_winnt:notice] [pid 11624:tid 636] AH00418: Parent: Created child process 6868
[Wed Oct 24 19:35:56.123315 2018] [ssl:warn] [pid 6868:tid 664] AH01909: www.example.com:443:0 server certificate does NOT include an ID which matches the server name
[Wed Oct 24 19:35:56.306788 2018] [ssl:warn] [pid 6868:tid 664] AH01909: www.example.com:443:0 server certificate does NOT include an ID which matches the server name
[Wed Oct 24 19:35:56.340761 2018] [mpm_winnt:notice] [pid 6868:tid 664] AH00354: Child: Starting 150 worker threads.
[Wed Oct 24 20:41:38.523586 2018] [php7:notice] [pid 6868:tid 1928] [client ::1:53147] PHP Notice:  Undefined index: username in C:\\xampp\\htdocs\\Login\\index_get.php on line 43, referer: http://localhost/Login/
[Wed Oct 24 20:41:38.523586 2018] [php7:notice] [pid 6868:tid 1928] [client ::1:53147] PHP Notice:  Undefined index: password in C:\\xampp\\htdocs\\Login\\index_get.php on line 44, referer: http://localhost/Login/
[Wed Oct 24 20:42:05.346364 2018] [php7:notice] [pid 6868:tid 1928] [client ::1:53177] PHP Notice:  Undefined index: username in C:\\xampp\\htdocs\\Login\\index_get.php on line 43, referer: http://localhost/Login/
[Wed Oct 24 20:42:05.346364 2018] [php7:notice] [pid 6868:tid 1928] [client ::1:53177] PHP Notice:  Undefined index: password in C:\\xampp\\htdocs\\Login\\index_get.php on line 44, referer: http://localhost/Login/
[Wed Oct 24 20:42:06.861123 2018] [php7:notice] [pid 6868:tid 1928] [client ::1:53177] PHP Notice:  Undefined index: username in C:\\xampp\\htdocs\\Login\\index_get.php on line 43, referer: http://localhost/Login/
[Wed Oct 24 20:42:06.861123 2018] [php7:notice] [pid 6868:tid 1928] [client ::1:53177] PHP Notice:  Undefined index: password in C:\\xampp\\htdocs\\Login\\index_get.php on line 44, referer: http://localhost/Login/
[Wed Oct 24 20:42:07.195194 2018] [php7:notice] [pid 6868:tid 1928] [client ::1:53177] PHP Notice:  Undefined index: username in C:\\xampp\\htdocs\\Login\\index_get.php on line 43, referer: http://localhost/Login/
[Wed Oct 24 20:42:07.195194 2018] [php7:notice] [pid 6868:tid 1928] [client ::1:53177] PHP Notice:  Undefined index: password in C:\\xampp\\htdocs\\Login\\index_get.php on line 44, referer: http://localhost/Login/
[Wed Oct 24 20:42:07.384761 2018] [php7:notice] [pid 6868:tid 1928] [client ::1:53177] PHP Notice:  Undefined index: username in C:\\xampp\\htdocs\\Login\\index_get.php on line 43, referer: http://localhost/Login/
[Wed Oct 24 20:42:07.384761 2018] [php7:notice] [pid 6868:tid 1928] [client ::1:53177] PHP Notice:  Undefined index: password in C:\\xampp\\htdocs\\Login\\index_get.php on line 44, referer: http://localhost/Login/
[Wed Oct 24 20:42:07.568715 2018] [php7:notice] [pid 6868:tid 1928] [client ::1:53177] PHP Notice:  Undefined index: username in C:\\xampp\\htdocs\\Login\\index_get.php on line 43, referer: http://localhost/Login/
[Wed Oct 24 20:42:07.568715 2018] [php7:notice] [pid 6868:tid 1928] [client ::1:53177] PHP Notice:  Undefined index: password in C:\\xampp\\htdocs\\Login\\index_get.php on line 44, referer: http://localhost/Login/
[Wed Oct 24 20:42:07.737478 2018] [php7:notice] [pid 6868:tid 1928] [client ::1:53177] PHP Notice:  Undefined index: username in C:\\xampp\\htdocs\\Login\\index_get.php on line 43, referer: http://localhost/Login/
[Wed Oct 24 20:42:07.737478 2018] [php7:notice] [pid 6868:tid 1928] [client ::1:53177] PHP Notice:  Undefined index: password in C:\\xampp\\htdocs\\Login\\index_get.php on line 44, referer: http://localhost/Login/
[Wed Oct 24 20:58:04.638322 2018] [php7:notice] [pid 6868:tid 1928] [client ::1:54548] PHP Notice:  Undefined variable: lp in C:\\xampp\\htdocs\\Product Discount Calculator\\index.php on line 50, referer: http://localhost/
[Wed Oct 24 20:58:04.638322 2018] [php7:notice] [pid 6868:tid 1928] [client ::1:54548] PHP Notice:  Undefined variable: dp in C:\\xampp\\htdocs\\Product Discount Calculator\\index.php on line 50, referer: http://localhost/
[Wed Oct 24 20:58:04.642302 2018] [php7:warn] [pid 6868:tid 1928] [client ::1:54548] PHP Warning:  header() expects at least 1 parameter, 0 given in C:\\xampp\\htdocs\\Product Discount Calculator\\index.php on line 52, referer: http://localhost/
[Wed Oct 24 20:58:18.790833 2018] [php7:notice] [pid 6868:tid 1948] [client ::1:54572] PHP Notice:  Undefined variable: lp in C:\\xampp\\htdocs\\Product Discount Calculator\\index.php on line 50, referer: http://localhost/
[Wed Oct 24 20:58:18.790833 2018] [php7:notice] [pid 6868:tid 1948] [client ::1:54572] PHP Notice:  Undefined variable: dp in C:\\xampp\\htdocs\\Product Discount Calculator\\index.php on line 50, referer: http://localhost/
[Wed Oct 24 20:58:28.910691 2018] [php7:warn] [pid 6868:tid 1928] [client ::1:54588] PHP Warning:  A non-numeric value encountered in C:\\xampp\\htdocs\\Product Discount Calculator\\display_discount.php on line 50, referer: http://localhost/Product%20Discount%20Calculator/
[Wed Oct 24 20:58:28.910691 2018] [php7:warn] [pid 6868:tid 1928] [client ::1:54588] PHP Warning:  A non-numeric value encountered in C:\\xampp\\htdocs\\Product Discount Calculator\\display_discount.php on line 50, referer: http://localhost/Product%20Discount%20Calculator/
[Wed Oct 24 21:02:05.042529 2018] [php7:warn] [pid 6868:tid 1948] [client ::1:54896] PHP Warning:  A non-numeric value encountered in C:\\xampp\\htdocs\\Product Discount Calculator\\display_discount.php on line 56, referer: http://localhost/Product%20Discount%20Calculator/
[Wed Oct 24 21:02:05.042529 2018] [php7:warn] [pid 6868:tid 1948] [client ::1:54896] PHP Warning:  A non-numeric value encountered in C:\\xampp\\htdocs\\Product Discount Calculator\\display_discount.php on line 56, referer: http://localhost/Product%20Discount%20Calculator/
[Wed Oct 24 21:02:21.423238 2018] [php7:warn] [pid 6868:tid 1928] [client ::1:54922] PHP Warning:  A non-numeric value encountered in C:\\xampp\\htdocs\\Product Discount Calculator\\display_discount.php on line 55, referer: http://localhost/Product%20Discount%20Calculator/
[Wed Oct 24 21:02:21.427234 2018] [php7:warn] [pid 6868:tid 1928] [client ::1:54922] PHP Warning:  A non-numeric value encountered in C:\\xampp\\htdocs\\Product Discount Calculator\\display_discount.php on line 55, referer: http://localhost/Product%20Discount%20Calculator/
[Wed Oct 24 21:03:54.321364 2018] [php7:warn] [pid 6868:tid 1948] [client ::1:55051] PHP Warning:  A non-numeric value encountered in C:\\xampp\\htdocs\\Product Discount Calculator\\display_discount.php on line 55, referer: http://localhost/Product%20Discount%20Calculator/
[Wed Oct 24 21:03:54.321364 2018] [php7:warn] [pid 6868:tid 1948] [client ::1:55051] PHP Warning:  A non-numeric value encountered in C:\\xampp\\htdocs\\Product Discount Calculator\\display_discount.php on line 55, referer: http://localhost/Product%20Discount%20Calculator/
[Wed Oct 24 21:29:45.202912 2018] [php7:notice] [pid 6868:tid 1948] [client ::1:57362] PHP Notice:  A non well formed numeric value encountered in C:\\xampp\\htdocs\\Product Discount Calculator\\display_discount.php on line 35, referer: http://localhost/Product%20Discount%20Calculator/
[Wed Oct 24 21:29:45.202912 2018] [php7:notice] [pid 6868:tid 1948] [client ::1:57362] PHP Notice:  A non well formed numeric value encountered in C:\\xampp\\htdocs\\Product Discount Calculator\\display_discount.php on line 36, referer: http://localhost/Product%20Discount%20Calculator/
[Wed Oct 24 22:02:31.498594 2018] [php7:notice] [pid 6868:tid 1928] [client ::1:60330] PHP Notice:  A non well formed numeric value encountered in C:\\xampp\\htdocs\\Product Discount Calculator\\display_discount.php on line 35, referer: http://localhost/Product%20Discount%20Calculator/
[Wed Oct 24 22:02:31.498594 2018] [php7:notice] [pid 6868:tid 1928] [client ::1:60330] PHP Notice:  A non well formed numeric value encountered in C:\\xampp\\htdocs\\Product Discount Calculator\\display_discount.php on line 36, referer: http://localhost/Product%20Discount%20Calculator/
[Wed Oct 24 22:09:42.595731 2018] [php7:crit] [pid 6868:tid 1928] [client ::1:60951] PHP Parse error:  syntax error, unexpected ';', expecting variable (T_VARIABLE) or '{' or '$' in C:\\xampp\\htdocs\\Product Discount Calculator\\display_discount.php on line 40, referer: http://localhost/Product%20Discount%20Calculator/
[Thu Oct 25 08:08:06.209836 2018] [ssl:warn] [pid 8996:tid 644] AH01909: www.example.com:443:0 server certificate does NOT include an ID which matches the server name
[Thu Oct 25 08:08:06.289816 2018] [core:warn] [pid 8996:tid 644] AH00098: pid file C:/xampp/apache/logs/httpd.pid overwritten -- Unclean shutdown of previous Apache run?
[Thu Oct 25 08:08:06.297814 2018] [ssl:warn] [pid 8996:tid 644] AH01909: www.example.com:443:0 server certificate does NOT include an ID which matches the server name
[Thu Oct 25 08:08:06.714012 2018] [mpm_winnt:notice] [pid 8996:tid 644] AH00455: Apache/2.4.35 (Win32) OpenSSL/1.1.0i PHP/7.2.11 configured -- resuming normal operations
[Thu Oct 25 08:08:06.714012 2018] [mpm_winnt:notice] [pid 8996:tid 644] AH00456: Apache Lounge VC15 Server built: Sep 19 2018 15:43:45
[Thu Oct 25 08:08:06.714012 2018] [core:notice] [pid 8996:tid 644] AH00094: Command line: 'c:\\xampp\\apache\\bin\\httpd.exe -d C:/xampp/apache'
[Thu Oct 25 08:08:06.726010 2018] [mpm_winnt:notice] [pid 8996:tid 644] AH00418: Parent: Created child process 12564
[Thu Oct 25 08:08:07.898007 2018] [ssl:warn] [pid 12564:tid 736] AH01909: www.example.com:443:0 server certificate does NOT include an ID which matches the server name
[Thu Oct 25 08:08:07.973988 2018] [ssl:warn] [pid 12564:tid 736] AH01909: www.example.com:443:0 server certificate does NOT include an ID which matches the server name
[Thu Oct 25 08:08:08.025976 2018] [mpm_winnt:notice] [pid 12564:tid 736] AH00354: Child: Starting 150 worker threads.
[Thu Oct 25 08:11:20.435099 2018] [php7:notice] [pid 12564:tid 1960] [client ::1:49957] PHP Notice:  A non well formed numeric value encountered in C:\\xampp\\htdocs\\Product Discount Calculator\\display_discount.php on line 45, referer: http://localhost/Product%20Discount%20Calculator/
[Thu Oct 25 08:11:20.435099 2018] [php7:notice] [pid 12564:tid 1960] [client ::1:49957] PHP Notice:  A non well formed numeric value encountered in C:\\xampp\\htdocs\\Product Discount Calculator\\display_discount.php on line 46, referer: http://localhost/Product%20Discount%20Calculator/
[Thu Oct 25 08:46:19.628924 2018] [php7:warn] [pid 12564:tid 1960] [client ::1:50357] PHP Warning:  A non-numeric value encountered in C:\\xampp\\htdocs\\Product Discount Calculator\\display_discount.php on line 45, referer: http://localhost/Product%20Discount%20Calculator/
[Thu Oct 25 08:46:19.628924 2018] [php7:warn] [pid 12564:tid 1960] [client ::1:50357] PHP Warning:  A non-numeric value encountered in C:\\xampp\\htdocs\\Product Discount Calculator\\display_discount.php on line 45, referer: http://localhost/Product%20Discount%20Calculator/
[Thu Oct 25 08:46:19.628924 2018] [php7:warn] [pid 12564:tid 1960] [client ::1:50357] PHP Warning:  A non-numeric value encountered in C:\\xampp\\htdocs\\Product Discount Calculator\\display_discount.php on line 46, referer: http://localhost/Product%20Discount%20Calculator/
[Thu Oct 25 08:46:54.305392 2018] [php7:warn] [pid 12564:tid 1956] [client ::1:50367] PHP Warning:  A non-numeric value encountered in C:\\xampp\\htdocs\\Product Discount Calculator\\display_discount.php on line 45, referer: http://localhost/Product%20Discount%20Calculator/
[Thu Oct 25 08:46:54.305392 2018] [php7:warn] [pid 12564:tid 1956] [client ::1:50367] PHP Warning:  A non-numeric value encountered in C:\\xampp\\htdocs\\Product Discount Calculator\\display_discount.php on line 45, referer: http://localhost/Product%20Discount%20Calculator/
[Thu Oct 25 08:46:54.305392 2018] [php7:warn] [pid 12564:tid 1956] [client ::1:50367] PHP Warning:  A non-numeric value encountered in C:\\xampp\\htdocs\\Product Discount Calculator\\display_discount.php on line 46, referer: http://localhost/Product%20Discount%20Calculator/
[Thu Oct 25 08:47:16.047274 2018] [php7:notice] [pid 12564:tid 1960] [client ::1:50369] PHP Notice:  A non well formed numeric value encountered in C:\\xampp\\htdocs\\Product Discount Calculator\\display_discount.php on line 45, referer: http://localhost/Product%20Discount%20Calculator/
[Thu Oct 25 08:47:16.051277 2018] [php7:notice] [pid 12564:tid 1960] [client ::1:50369] PHP Notice:  A non well formed numeric value encountered in C:\\xampp\\htdocs\\Product Discount Calculator\\display_discount.php on line 46, referer: http://localhost/Product%20Discount%20Calculator/
[Thu Oct 25 14:06:25.863101 2018] [php7:crit] [pid 12564:tid 1956] [client ::1:51631] PHP Parse error:  syntax error, unexpected '$total' (T_VARIABLE) in C:\\xampp\\htdocs\\caculate\\caculate.php on line 31, referer: http://localhost/caculate/
[Thu Oct 25 14:07:21.543276 2018] [php7:crit] [pid 12564:tid 1960] [client ::1:51638] PHP Parse error:  syntax error, unexpected '$total' (T_VARIABLE) in C:\\xampp\\htdocs\\caculate\\caculate.php on line 31, referer: http://localhost/caculate/
[Thu Oct 25 14:08:07.650864 2018] [php7:crit] [pid 12564:tid 1956] [client ::1:51642] PHP Parse error:  syntax error, unexpected '$total' (T_VARIABLE) in C:\\xampp\\htdocs\\caculate\\caculate.php on line 32, referer: http://localhost/caculate/
[Thu Oct 25 14:13:38.063653 2018] [php7:warn] [pid 12564:tid 1956] [client ::1:51713] PHP Warning:  Division by zero in C:\\xampp\\htdocs\\caculate\\caculate.php on line 21, referer: http://localhost/caculate/
[Thu Oct 25 14:14:30.888324 2018] [php7:notice] [pid 12564:tid 1960] [client ::1:51720] PHP Notice:  Undefined index: a in C:\\xampp\\htdocs\\caculate\\caculate.php on line 13
[Thu Oct 25 14:14:30.888324 2018] [php7:notice] [pid 12564:tid 1960] [client ::1:51720] PHP Notice:  Undefined index: b in C:\\xampp\\htdocs\\caculate\\caculate.php on line 14
[Thu Oct 25 14:14:30.888324 2018] [php7:notice] [pid 12564:tid 1960] [client ::1:51720] PHP Notice:  Undefined index: operator in C:\\xampp\\htdocs\\caculate\\caculate.php on line 15
[Thu Oct 25 14:14:30.892981 2018] [php7:notice] [pid 12564:tid 1960] [client ::1:51720] PHP Notice:  Undefined variable: total in C:\\xampp\\htdocs\\caculate\\caculate.php on line 33
[Thu Oct 25 15:56:36.491022 2018] [php7:crit] [pid 12564:tid 1948] [client ::1:52336] PHP Parse error:  syntax error, unexpected ',' in C:\\xampp\\htdocs\\list\\index.php on line 65, referer: http://localhost/
[Thu Oct 25 16:05:52.993231 2018] [php7:notice] [pid 12564:tid 1952] [client ::1:52392] PHP Notice:  Undefined index: gioitinh in C:\\xampp\\htdocs\\list\\index.php on line 61, referer: http://localhost/
[Thu Oct 25 16:05:52.993231 2018] [php7:notice] [pid 12564:tid 1952] [client ::1:52392] PHP Notice:  Undefined index: gioitinh in C:\\xampp\\htdocs\\list\\index.php on line 61, referer: http://localhost/
[Thu Oct 25 16:05:52.993231 2018] [php7:notice] [pid 12564:tid 1952] [client ::1:52392] PHP Notice:  Undefined index: gioitinh in C:\\xampp\\htdocs\\list\\index.php on line 61, referer: http://localhost/
[Thu Oct 25 16:05:52.993231 2018] [php7:notice] [pid 12564:tid 1952] [client ::1:52392] PHP Notice:  Undefined index: gioitinh in C:\\xampp\\htdocs\\list\\index.php on line 61, referer: http://localhost/
[Thu Oct 25 16:05:52.993231 2018] [php7:notice] [pid 12564:tid 1952] [client ::1:52392] PHP Notice:  Undefined index: gioitinh in C:\\xampp\\htdocs\\list\\index.php on line 61, referer: http://localhost/
[Thu Oct 25 16:06:12.328712 2018] [php7:notice] [pid 12564:tid 1944] [client ::1:52394] PHP Notice:  Undefined index: gioitinh in C:\\xampp\\htdocs\\list\\index.php on line 61, referer: http://localhost/
[Thu Oct 25 16:06:12.328712 2018] [php7:notice] [pid 12564:tid 1944] [client ::1:52394] PHP Notice:  Undefined index: gioitinh in C:\\xampp\\htdocs\\list\\index.php on line 61, referer: http://localhost/
[Thu Oct 25 16:06:12.328712 2018] [php7:notice] [pid 12564:tid 1944] [client ::1:52394] PHP Notice:  Undefined index: gioitinh in C:\\xampp\\htdocs\\list\\index.php on line 61, referer: http://localhost/
[Thu Oct 25 16:06:12.328712 2018] [php7:notice] [pid 12564:tid 1944] [client ::1:52394] PHP Notice:  Undefined index: gioitinh in C:\\xampp\\htdocs\\list\\index.php on line 61, referer: http://localhost/
[Thu Oct 25 16:38:45.698637 2018] [php7:crit] [pid 12564:tid 1952] [client ::1:52541] PHP Parse error:  syntax error, unexpected '""' (T_CONSTANT_ENCAPSED_STRING), expecting ')' in C:\\xampp\\htdocs\\dictonary\\index.php on line 23, referer: http://localhost/dictonary/
[Thu Oct 25 16:39:51.111205 2018] [php7:crit] [pid 12564:tid 1944] [client ::1:52548] PHP Parse error:  syntax error, unexpected 'echo' (T_ECHO), expecting ',' or ';' in C:\\xampp\\htdocs\\dictonary\\index.php on line 32, referer: http://localhost/dictonary/
[Thu Oct 25 16:40:02.854141 2018] [php7:crit] [pid 12564:tid 1952] [client ::1:52552] PHP Parse error:  syntax error, unexpected '$flag' (T_VARIABLE), expecting ',' or ';' in C:\\xampp\\htdocs\\dictonary\\index.php on line 32, referer: http://localhost/dictonary/
[Thu Oct 25 21:16:33.712530 2018] [ssl:warn] [pid 10276:tid 556] AH01909: www.example.com:443:0 server certificate does NOT include an ID which matches the server name
[Thu Oct 25 21:16:33.774495 2018] [core:warn] [pid 10276:tid 556] AH00098: pid file C:/xampp/apache/logs/httpd.pid overwritten -- Unclean shutdown of previous Apache run?
[Thu Oct 25 21:16:33.780491 2018] [ssl:warn] [pid 10276:tid 556] AH01909: www.example.com:443:0 server certificate does NOT include an ID which matches the server name
[Thu Oct 25 21:16:34.055846 2018] [mpm_winnt:notice] [pid 10276:tid 556] AH00455: Apache/2.4.35 (Win32) OpenSSL/1.1.0i PHP/7.2.11 configured -- resuming normal operations
[Thu Oct 25 21:16:34.055846 2018] [mpm_winnt:notice] [pid 10276:tid 556] AH00456: Apache Lounge VC15 Server built: Sep 19 2018 15:43:45
[Thu Oct 25 21:16:34.055846 2018] [core:notice] [pid 10276:tid 556] AH00094: Command line: 'c:\\xampp\\apache\\bin\\httpd.exe -d C:/xampp/apache'
[Thu Oct 25 21:16:34.062208 2018] [mpm_winnt:notice] [pid 10276:tid 556] AH00418: Parent: Created child process 16300
[Thu Oct 25 21:16:34.741135 2018] [ssl:warn] [pid 16300:tid 724] AH01909: www.example.com:443:0 server certificate does NOT include an ID which matches the server name
[Thu Oct 25 21:16:34.794087 2018] [ssl:warn] [pid 16300:tid 724] AH01909: www.example.com:443:0 server certificate does NOT include an ID which matches the server name
[Thu Oct 25 21:16:34.833846 2018] [mpm_winnt:notice] [pid 16300:tid 724] AH00354: Child: Starting 150 worker threads.
[Thu Oct 25 22:27:45.728284 2018] [php7:notice] [pid 16300:tid 1940] [client ::1:58432] PHP Notice:  Undefined variable: rate in C:\\xampp\\htdocs\\Future Value Calculator\\Futurevalue.php on line 12, referer: http://localhost/Future%20Value%20Calculator/
[Thu Oct 25 22:40:20.061424 2018] [php7:notice] [pid 16300:tid 1944] [client ::1:59483] PHP Notice:  A non well formed numeric value encountered in C:\\xampp\\htdocs\\Future Value Calculator\\Futurevalue.php on line 21, referer: http://localhost/Future%20Value%20Calculator/
[Thu Oct 25 22:40:20.062424 2018] [php7:warn] [pid 16300:tid 1944] [client ::1:59483] PHP Warning:  A non-numeric value encountered in C:\\xampp\\htdocs\\Future Value Calculator\\Futurevalue.php on line 21, referer: http://localhost/Future%20Value%20Calculator/
[Thu Oct 25 22:40:48.730919 2018] [php7:notice] [pid 16300:tid 1940] [client ::1:59534] PHP Notice:  A non well formed numeric value encountered in C:\\xampp\\htdocs\\Future Value Calculator\\Futurevalue.php on line 21, referer: http://localhost/Future%20Value%20Calculator/
[Thu Oct 25 22:40:48.730919 2018] [php7:warn] [pid 16300:tid 1940] [client ::1:59534] PHP Warning:  A non-numeric value encountered in C:\\xampp\\htdocs\\Future Value Calculator\\Futurevalue.php on line 21, referer: http://localhost/Future%20Value%20Calculator/
[Thu Oct 25 22:41:04.352282 2018] [php7:crit] [pid 16300:tid 1944] [client ::1:59557] PHP Parse error:  syntax error, unexpected '$usd' (T_VARIABLE) in C:\\xampp\\htdocs\\Future Value Calculator\\Futurevalue.php on line 21, referer: http://localhost/Future%20Value%20Calculator/
[Thu Oct 25 22:41:35.554971 2018] [php7:notice] [pid 16300:tid 1940] [client ::1:59604] PHP Notice:  A non well formed numeric value encountered in C:\\xampp\\htdocs\\Future Value Calculator\\Futurevalue.php on line 21, referer: http://localhost/Future%20Value%20Calculator/
[Thu Oct 25 22:41:35.554971 2018] [php7:warn] [pid 16300:tid 1940] [client ::1:59604] PHP Warning:  A non-numeric value encountered in C:\\xampp\\htdocs\\Future Value Calculator\\Futurevalue.php on line 21, referer: http://localhost/Future%20Value%20Calculator/
[Thu Oct 25 22:41:54.619575 2018] [php7:notice] [pid 16300:tid 1944] [client ::1:59631] PHP Notice:  A non well formed numeric value encountered in C:\\xampp\\htdocs\\Future Value Calculator\\Futurevalue.php on line 21, referer: http://localhost/Future%20Value%20Calculator/
[Thu Oct 25 22:41:54.619575 2018] [php7:warn] [pid 16300:tid 1944] [client ::1:59631] PHP Warning:  A non-numeric value encountered in C:\\xampp\\htdocs\\Future Value Calculator\\Futurevalue.php on line 21, referer: http://localhost/Future%20Value%20Calculator/
[Fri Oct 26 07:57:20.593281 2018] [ssl:warn] [pid 4664:tid 660] AH01909: www.example.com:443:0 server certificate does NOT include an ID which matches the server name
[Fri Oct 26 07:57:20.649567 2018] [core:warn] [pid 4664:tid 660] AH00098: pid file C:/xampp/apache/logs/httpd.pid overwritten -- Unclean shutdown of previous Apache run?
[Fri Oct 26 07:57:20.657565 2018] [ssl:warn] [pid 4664:tid 660] AH01909: www.example.com:443:0 server certificate does NOT include an ID which matches the server name
[Fri Oct 26 07:57:20.993482 2018] [mpm_winnt:notice] [pid 4664:tid 660] AH00455: Apache/2.4.35 (Win32) OpenSSL/1.1.0i PHP/7.2.11 configured -- resuming normal operations
[Fri Oct 26 07:57:20.993482 2018] [mpm_winnt:notice] [pid 4664:tid 660] AH00456: Apache Lounge VC15 Server built: Sep 19 2018 15:43:45
[Fri Oct 26 07:57:20.993482 2018] [core:notice] [pid 4664:tid 660] AH00094: Command line: 'c:\\xampp\\apache\\bin\\httpd.exe -d C:/xampp/apache'
[Fri Oct 26 07:57:21.005478 2018] [mpm_winnt:notice] [pid 4664:tid 660] AH00418: Parent: Created child process 7328
[Fri Oct 26 07:57:21.873551 2018] [ssl:warn] [pid 7328:tid 672] AH01909: www.example.com:443:0 server certificate does NOT include an ID which matches the server name
[Fri Oct 26 07:57:22.007635 2018] [ssl:warn] [pid 7328:tid 672] AH01909: www.example.com:443:0 server certificate does NOT include an ID which matches the server name
[Fri Oct 26 07:57:22.047629 2018] [mpm_winnt:notice] [pid 7328:tid 672] AH00354: Child: Starting 150 worker threads.
[Fri Oct 26 08:28:27.481411 2018] [php7:notice] [pid 7328:tid 1940] [client ::1:60767] PHP Notice:  Undefined variable: futurevalue in C:\\xampp\\htdocs\\Future Value Calculator\\Futurevalue.php on line 89, referer: http://localhost/Future%20Value%20Calculator/
[Fri Oct 26 08:45:01.504141 2018] [php7:notice] [pid 7328:tid 1948] [client ::1:62236] PHP Notice:  A non well formed numeric value encountered in C:\\xampp\\htdocs\\Future Value Calculator\\Futurevalue.php on line 30, referer: http://localhost/Future%20Value%20Calculator/
[Fri Oct 26 13:57:11.496010 2018] [ssl:warn] [pid 13836:tid 696] AH01909: www.example.com:443:0 server certificate does NOT include an ID which matches the server name
[Fri Oct 26 13:57:11.575998 2018] [core:warn] [pid 13836:tid 696] AH00098: pid file C:/xampp/apache/logs/httpd.pid overwritten -- Unclean shutdown of previous Apache run?
[Fri Oct 26 13:57:11.583980 2018] [ssl:warn] [pid 13836:tid 696] AH01909: www.example.com:443:0 server certificate does NOT include an ID which matches the server name
[Fri Oct 26 13:57:11.623992 2018] [mpm_winnt:notice] [pid 13836:tid 696] AH00455: Apache/2.4.35 (Win32) OpenSSL/1.1.0i PHP/7.2.11 configured -- resuming normal operations
[Fri Oct 26 13:57:11.623992 2018] [mpm_winnt:notice] [pid 13836:tid 696] AH00456: Apache Lounge VC15 Server built: Sep 19 2018 15:43:45
[Fri Oct 26 13:57:11.623992 2018] [core:notice] [pid 13836:tid 696] AH00094: Command line: 'c:\\xampp\\apache\\bin\\httpd.exe -d C:/xampp/apache'
[Fri Oct 26 13:57:11.635969 2018] [mpm_winnt:notice] [pid 13836:tid 696] AH00418: Parent: Created child process 14416
[Fri Oct 26 13:57:12.564037 2018] [ssl:warn] [pid 14416:tid 672] AH01909: www.example.com:443:0 server certificate does NOT include an ID which matches the server name
[Fri Oct 26 13:57:12.664011 2018] [ssl:warn] [pid 14416:tid 672] AH01909: www.example.com:443:0 server certificate does NOT include an ID which matches the server name
[Fri Oct 26 13:57:12.719997 2018] [mpm_winnt:notice] [pid 14416:tid 672] AH00354: Child: Starting 150 worker threads.
[Sun Oct 28 14:28:44.781684 2018] [ssl:warn] [pid 7400:tid 632] AH01909: www.example.com:443:0 server certificate does NOT include an ID which matches the server name
[Sun Oct 28 14:28:44.831875 2018] [core:warn] [pid 7400:tid 632] AH00098: pid file C:/xampp/apache/logs/httpd.pid overwritten -- Unclean shutdown of previous Apache run?
[Sun Oct 28 14:28:44.839806 2018] [ssl:warn] [pid 7400:tid 632] AH01909: www.example.com:443:0 server certificate does NOT include an ID which matches the server name
[Sun Oct 28 14:28:45.102202 2018] [mpm_winnt:notice] [pid 7400:tid 632] AH00455: Apache/2.4.35 (Win32) OpenSSL/1.1.0i PHP/7.2.11 configured -- resuming normal operations
[Sun Oct 28 14:28:45.102202 2018] [mpm_winnt:notice] [pid 7400:tid 632] AH00456: Apache Lounge VC15 Server built: Sep 19 2018 15:43:45
[Sun Oct 28 14:28:45.102202 2018] [core:notice] [pid 7400:tid 632] AH00094: Command line: 'c:\\xampp\\apache\\bin\\httpd.exe -d C:/xampp/apache'
[Sun Oct 28 14:28:45.106202 2018] [mpm_winnt:notice] [pid 7400:tid 632] AH00418: Parent: Created child process 5812
[Sun Oct 28 14:28:45.882168 2018] [ssl:warn] [pid 5812:tid 692] AH01909: www.example.com:443:0 server certificate does NOT include an ID which matches the server name
[Sun Oct 28 14:28:45.934189 2018] [ssl:warn] [pid 5812:tid 692] AH01909: www.example.com:443:0 server certificate does NOT include an ID which matches the server name
[Sun Oct 28 14:28:45.970146 2018] [mpm_winnt:notice] [pid 5812:tid 692] AH00354: Child: Starting 150 worker threads.
[Sun Oct 28 14:45:08.736962 2018] [php7:crit] [pid 5812:tid 1948] [client ::1:52502] PHP Parse error:  syntax error, unexpected 'i' (T_STRING), expecting ';' in C:\\xampp\\htdocs\\display type\\index.php on line 13, referer: http://localhost/
[Sun Oct 28 14:45:25.709989 2018] [php7:crit] [pid 5812:tid 1940] [client ::1:52506] PHP Parse error:  syntax error, unexpected 'i' (T_STRING), expecting ';' in C:\\xampp\\htdocs\\display type\\index.php on line 13, referer: http://localhost/
[Sun Oct 28 14:45:27.245277 2018] [php7:crit] [pid 5812:tid 1940] [client ::1:52506] PHP Parse error:  syntax error, unexpected 'i' (T_STRING), expecting ';' in C:\\xampp\\htdocs\\display type\\index.php on line 13
[Sun Oct 28 14:45:50.212939 2018] [php7:crit] [pid 5812:tid 1948] [client ::1:52508] PHP Parse error:  syntax error, unexpected 'i' (T_STRING), expecting ';' in C:\\xampp\\htdocs\\display type\\index.php on line 13
[Sun Oct 28 14:45:51.085148 2018] [php7:crit] [pid 5812:tid 1948] [client ::1:52508] PHP Parse error:  syntax error, unexpected 'i' (T_STRING), expecting ';' in C:\\xampp\\htdocs\\display type\\index.php on line 13
[Sun Oct 28 14:50:47.677200 2018] [php7:warn] [pid 5812:tid 1948] [client ::1:52535] PHP Warning:  A non-numeric value encountered in C:\\xampp\\htdocs\\display type\\index.php on line 15
[Sun Oct 28 15:07:38.075572 2018] [php7:notice] [pid 5812:tid 1948] [client ::1:52930] PHP Notice:  Undefined index: from in C:\\xampp\\htdocs\\currency\\index.php on line 30, referer: http://localhost/
[Sun Oct 28 15:07:38.075572 2018] [php7:notice] [pid 5812:tid 1948] [client ::1:52930] PHP Notice:  Undefined index: submit in C:\\xampp\\htdocs\\currency\\index.php on line 31, referer: http://localhost/
[Sun Oct 28 15:07:38.075572 2018] [php7:notice] [pid 5812:tid 1948] [client ::1:52930] PHP Notice:  Undefined variable: vnd in C:\\xampp\\htdocs\\currency\\index.php on line 33, referer: http://localhost/
[Sun Oct 28 15:07:47.189099 2018] [php7:notice] [pid 5812:tid 1940] [client ::1:52931] PHP Notice:  Undefined index: from in C:\\xampp\\htdocs\\currency\\index.php on line 30, referer: http://localhost/
[Sun Oct 28 15:07:47.189099 2018] [php7:notice] [pid 5812:tid 1940] [client ::1:52931] PHP Notice:  Undefined index: submit in C:\\xampp\\htdocs\\currency\\index.php on line 31, referer: http://localhost/
[Sun Oct 28 15:22:30.714970 2018] [php7:notice] [pid 5812:tid 1940] [client ::1:53116] PHP Notice:  Undefined index: rate in C:\\xampp\\htdocs\\currency\\index.php on line 29, referer: http://localhost/
[Sun Oct 28 15:22:30.714970 2018] [php7:notice] [pid 5812:tid 1940] [client ::1:53116] PHP Notice:  Undefined index: usd in C:\\xampp\\htdocs\\currency\\index.php on line 30, referer: http://localhost/
[Sun Oct 28 15:22:30.714970 2018] [php7:notice] [pid 5812:tid 1940] [client ::1:53116] PHP Notice:  Undefined index: vnd in C:\\xampp\\htdocs\\currency\\index.php on line 31, referer: http://localhost/
[Sun Oct 28 15:22:30.714970 2018] [php7:notice] [pid 5812:tid 1940] [client ::1:53116] PHP Notice:  Undefined index: convert in C:\\xampp\\htdocs\\currency\\index.php on line 32, referer: http://localhost/
[Sun Oct 28 15:22:40.138238 2018] [php7:notice] [pid 5812:tid 1948] [client ::1:53120] PHP Notice:  Undefined index: rate in C:\\xampp\\htdocs\\currency\\index.php on line 29, referer: http://localhost/
[Sun Oct 28 15:22:40.142237 2018] [php7:notice] [pid 5812:tid 1948] [client ::1:53120] PHP Notice:  Undefined index: usd in C:\\xampp\\htdocs\\currency\\index.php on line 30, referer: http://localhost/
[Sun Oct 28 15:22:40.142237 2018] [php7:notice] [pid 5812:tid 1948] [client ::1:53120] PHP Notice:  Undefined index: vnd in C:\\xampp\\htdocs\\currency\\index.php on line 31, referer: http://localhost/
[Sun Oct 28 15:22:40.142237 2018] [php7:notice] [pid 5812:tid 1948] [client ::1:53120] PHP Notice:  Undefined index: convert in C:\\xampp\\htdocs\\currency\\index.php on line 32, referer: http://localhost/
[Sun Oct 28 15:22:40.658412 2018] [php7:notice] [pid 5812:tid 1948] [client ::1:53120] PHP Notice:  Undefined index: rate in C:\\xampp\\htdocs\\currency\\index.php on line 29, referer: http://localhost/
[Sun Oct 28 15:22:40.658412 2018] [php7:notice] [pid 5812:tid 1948] [client ::1:53120] PHP Notice:  Undefined index: usd in C:\\xampp\\htdocs\\currency\\index.php on line 30, referer: http://localhost/
[Sun Oct 28 15:22:40.658412 2018] [php7:notice] [pid 5812:tid 1948] [client ::1:53120] PHP Notice:  Undefined index: vnd in C:\\xampp\\htdocs\\currency\\index.php on line 31, referer: http://localhost/
[Sun Oct 28 15:22:40.658412 2018] [php7:notice] [pid 5812:tid 1948] [client ::1:53120] PHP Notice:  Undefined index: convert in C:\\xampp\\htdocs\\currency\\index.php on line 32, referer: http://localhost/
[Sun Oct 28 15:22:41.358574 2018] [php7:notice] [pid 5812:tid 1948] [client ::1:53120] PHP Notice:  Undefined index: rate in C:\\xampp\\htdocs\\currency\\index.php on line 29, referer: http://localhost/
[Sun Oct 28 15:22:41.358574 2018] [php7:notice] [pid 5812:tid 1948] [client ::1:53120] PHP Notice:  Undefined index: usd in C:\\xampp\\htdocs\\currency\\index.php on line 30, referer: http://localhost/
[Sun Oct 28 15:22:41.358574 2018] [php7:notice] [pid 5812:tid 1948] [client ::1:53120] PHP Notice:  Undefined index: vnd in C:\\xampp\\htdocs\\currency\\index.php on line 31, referer: http://localhost/
[Sun Oct 28 15:22:41.358574 2018] [php7:notice] [pid 5812:tid 1948] [client ::1:53120] PHP Notice:  Undefined index: convert in C:\\xampp\\htdocs\\currency\\index.php on line 32, referer: http://localhost/
[Sun Oct 28 15:22:41.918434 2018] [php7:notice] [pid 5812:tid 1948] [client ::1:53120] PHP Notice:  Undefined index: rate in C:\\xampp\\htdocs\\currency\\index.php on line 29, referer: http://localhost/
[Sun Oct 28 15:22:41.918434 2018] [php7:notice] [pid 5812:tid 1948] [client ::1:53120] PHP Notice:  Undefined index: usd in C:\\xampp\\htdocs\\currency\\index.php on line 30, referer: http://localhost/
[Sun Oct 28 15:22:41.918434 2018] [php7:notice] [pid 5812:tid 1948] [client ::1:53120] PHP Notice:  Undefined index: vnd in C:\\xampp\\htdocs\\currency\\index.php on line 31, referer: http://localhost/
[Sun Oct 28 15:22:41.918434 2018] [php7:notice] [pid 5812:tid 1948] [client ::1:53120] PHP Notice:  Undefined index: convert in C:\\xampp\\htdocs\\currency\\index.php on line 32, referer: http://localhost/
[Sun Oct 28 15:22:42.094390 2018] [php7:notice] [pid 5812:tid 1948] [client ::1:53120] PHP Notice:  Undefined index: rate in C:\\xampp\\htdocs\\currency\\index.php on line 29, referer: http://localhost/
[Sun Oct 28 15:22:42.094390 2018] [php7:notice] [pid 5812:tid 1948] [client ::1:53120] PHP Notice:  Undefined index: usd in C:\\xampp\\htdocs\\currency\\index.php on line 30, referer: http://localhost/
[Sun Oct 28 15:22:42.094390 2018] [php7:notice] [pid 5812:tid 1948] [client ::1:53120] PHP Notice:  Undefined index: vnd in C:\\xampp\\htdocs\\currency\\index.php on line 31, referer: http://localhost/
[Sun Oct 28 15:22:42.094390 2018] [php7:notice] [pid 5812:tid 1948] [client ::1:53120] PHP Notice:  Undefined index: convert in C:\\xampp\\htdocs\\currency\\index.php on line 32, referer: http://localhost/
[Sun Oct 28 15:22:42.278732 2018] [php7:notice] [pid 5812:tid 1948] [client ::1:53120] PHP Notice:  Undefined index: rate in C:\\xampp\\htdocs\\currency\\index.php on line 29, referer: http://localhost/
[Sun Oct 28 15:22:42.278732 2018] [php7:notice] [pid 5812:tid 1948] [client ::1:53120] PHP Notice:  Undefined index: usd in C:\\xampp\\htdocs\\currency\\index.php on line 30, referer: http://localhost/
[Sun Oct 28 15:22:42.278732 2018] [php7:notice] [pid 5812:tid 1948] [client ::1:53120] PHP Notice:  Undefined index: vnd in C:\\xampp\\htdocs\\currency\\index.php on line 31, referer: http://localhost/
[Sun Oct 28 15:22:42.278732 2018] [php7:notice] [pid 5812:tid 1948] [client ::1:53120] PHP Notice:  Undefined index: convert in C:\\xampp\\htdocs\\currency\\index.php on line 32, referer: http://localhost/
[Sun Oct 28 15:22:42.474679 2018] [php7:notice] [pid 5812:tid 1948] [client ::1:53120] PHP Notice:  Undefined index: rate in C:\\xampp\\htdocs\\currency\\index.php on line 29, referer: http://localhost/
[Sun Oct 28 15:22:42.474679 2018] [php7:notice] [pid 5812:tid 1948] [client ::1:53120] PHP Notice:  Undefined index: usd in C:\\xampp\\htdocs\\currency\\index.php on line 30, referer: http://localhost/
[Sun Oct 28 15:22:42.474679 2018] [php7:notice] [pid 5812:tid 1948] [client ::1:53120] PHP Notice:  Undefined index: vnd in C:\\xampp\\htdocs\\currency\\index.php on line 31, referer: http://localhost/
[Sun Oct 28 15:22:42.474679 2018] [php7:notice] [pid 5812:tid 1948] [client ::1:53120] PHP Notice:  Undefined index: convert in C:\\xampp\\htdocs\\currency\\index.php on line 32, referer: http://localhost/
[Sun Oct 28 15:22:46.174464 2018] [php7:notice] [pid 5812:tid 1948] [client ::1:53120] PHP Notice:  Undefined index: rate in C:\\xampp\\htdocs\\currency\\index.php on line 29
[Sun Oct 28 15:22:46.174464 2018] [php7:notice] [pid 5812:tid 1948] [client ::1:53120] PHP Notice:  Undefined index: usd in C:\\xampp\\htdocs\\currency\\index.php on line 30
[Sun Oct 28 15:22:46.174464 2018] [php7:notice] [pid 5812:tid 1948] [client ::1:53120] PHP Notice:  Undefined index: vnd in C:\\xampp\\htdocs\\currency\\index.php on line 31
[Sun Oct 28 15:22:46.174464 2018] [php7:notice] [pid 5812:tid 1948] [client ::1:53120] PHP Notice:  Undefined index: convert in C:\\xampp\\htdocs\\currency\\index.php on line 32
[Sun Oct 28 15:22:52.321894 2018] [php7:notice] [pid 5812:tid 1948] [client ::1:53120] PHP Notice:  Undefined index: rate in C:\\xampp\\htdocs\\currency\\index.php on line 29, referer: http://localhost/
[Sun Oct 28 15:22:52.321894 2018] [php7:notice] [pid 5812:tid 1948] [client ::1:53120] PHP Notice:  Undefined index: usd in C:\\xampp\\htdocs\\currency\\index.php on line 30, referer: http://localhost/
[Sun Oct 28 15:22:52.321894 2018] [php7:notice] [pid 5812:tid 1948] [client ::1:53120] PHP Notice:  Undefined index: vnd in C:\\xampp\\htdocs\\currency\\index.php on line 31, referer: http://localhost/
[Sun Oct 28 15:22:52.321894 2018] [php7:notice] [pid 5812:tid 1948] [client ::1:53120] PHP Notice:  Undefined index: convert in C:\\xampp\\htdocs\\currency\\index.php on line 32, referer: http://localhost/
[Sun Oct 28 15:24:17.193884 2018] [php7:notice] [pid 5812:tid 1940] [client ::1:53140] PHP Notice:  Undefined index: usd in C:\\xampp\\htdocs\\currency\\index.php on line 31, referer: http://localhost/currency/
[Sun Oct 28 15:24:17.193884 2018] [php7:notice] [pid 5812:tid 1940] [client ::1:53140] PHP Notice:  Undefined index: vnd in C:\\xampp\\htdocs\\currency\\index.php on line 32, referer: http://localhost/currency/
[Sun Oct 28 15:25:30.607616 2018] [php7:notice] [pid 5812:tid 1948] [client ::1:53146] PHP Notice:  Undefined variable: usd in C:\\xampp\\htdocs\\currency\\index.php on line 36, referer: http://localhost/currency/
[Sun Oct 28 15:25:30.607616 2018] [php7:notice] [pid 5812:tid 1948] [client ::1:53146] PHP Notice:  Undefined variable: vnd in C:\\xampp\\htdocs\\currency\\index.php on line 36, referer: http://localhost/currency/
[Sun Oct 28 15:27:57.286822 2018] [php7:notice] [pid 5812:tid 1948] [client ::1:53178] PHP Notice:  Undefined index: rate in C:\\xampp\\htdocs\\currency\\index.php on line 30, referer: http://localhost/
[Sun Oct 28 15:27:57.286822 2018] [php7:notice] [pid 5812:tid 1948] [client ::1:53178] PHP Notice:  Undefined index: usd in C:\\xampp\\htdocs\\currency\\index.php on line 31, referer: http://localhost/
[Sun Oct 28 15:27:57.286822 2018] [php7:notice] [pid 5812:tid 1948] [client ::1:53178] PHP Notice:  Undefined index: vnd in C:\\xampp\\htdocs\\currency\\index.php on line 32, referer: http://localhost/
[Sun Oct 28 15:27:57.286822 2018] [php7:notice] [pid 5812:tid 1948] [client ::1:53178] PHP Notice:  Undefined index: convert in C:\\xampp\\htdocs\\currency\\index.php on line 33, referer: http://localhost/
[Sun Oct 28 15:27:58.811891 2018] [php7:notice] [pid 5812:tid 1948] [client ::1:53178] PHP Notice:  Undefined index: rate in C:\\xampp\\htdocs\\currency\\index.php on line 30, referer: http://localhost/
[Sun Oct 28 15:27:58.811891 2018] [php7:notice] [pid 5812:tid 1948] [client ::1:53178] PHP Notice:  Undefined index: usd in C:\\xampp\\htdocs\\currency\\index.php on line 31, referer: http://localhost/
[Sun Oct 28 15:27:58.811891 2018] [php7:notice] [pid 5812:tid 1948] [client ::1:53178] PHP Notice:  Undefined index: vnd in C:\\xampp\\htdocs\\currency\\index.php on line 32, referer: http://localhost/
[Sun Oct 28 15:27:58.811891 2018] [php7:notice] [pid 5812:tid 1948] [client ::1:53178] PHP Notice:  Undefined index: convert in C:\\xampp\\htdocs\\currency\\index.php on line 33, referer: http://localhost/
[Sun Oct 28 15:28:24.845883 2018] [php7:notice] [pid 5812:tid 1948] [client ::1:53183] PHP Notice:  Undefined index: rate in C:\\xampp\\htdocs\\currency\\index.php on line 30, referer: http://localhost/
[Sun Oct 28 15:28:24.845883 2018] [php7:notice] [pid 5812:tid 1948] [client ::1:53183] PHP Notice:  Undefined index: usd in C:\\xampp\\htdocs\\currency\\index.php on line 31, referer: http://localhost/
[Sun Oct 28 15:28:24.845883 2018] [php7:notice] [pid 5812:tid 1948] [client ::1:53183] PHP Notice:  Undefined index: vnd in C:\\xampp\\htdocs\\currency\\index.php on line 32, referer: http://localhost/
[Sun Oct 28 15:28:24.845883 2018] [php7:notice] [pid 5812:tid 1948] [client ::1:53183] PHP Notice:  Undefined index: convert in C:\\xampp\\htdocs\\currency\\index.php on line 33, referer: http://localhost/
[Sun Oct 28 15:28:28.846855 2018] [php7:notice] [pid 5812:tid 1948] [client ::1:53183] PHP Notice:  Undefined index: usd in C:\\xampp\\htdocs\\currency\\index.php on line 31, referer: http://localhost/currency/
[Sun Oct 28 15:28:28.846855 2018] [php7:notice] [pid 5812:tid 1948] [client ::1:53183] PHP Notice:  Undefined index: vnd in C:\\xampp\\htdocs\\currency\\index.php on line 32, referer: http://localhost/currency/
[Sun Oct 28 15:40:42.045949 2018] [php7:notice] [pid 5812:tid 1940] [client ::1:53226] PHP Notice:  Undefined index: rate in C:\\xampp\\htdocs\\currency\\index.php on line 30, referer: http://localhost/
[Sun Oct 28 15:40:42.045949 2018] [php7:notice] [pid 5812:tid 1940] [client ::1:53226] PHP Notice:  Undefined index: from in C:\\xampp\\htdocs\\currency\\index.php on line 31, referer: http://localhost/
[Sun Oct 28 15:40:42.045949 2018] [php7:notice] [pid 5812:tid 1940] [client ::1:53226] PHP Notice:  Undefined index: to in C:\\xampp\\htdocs\\currency\\index.php on line 32, referer: http://localhost/
[Sun Oct 28 15:40:42.045949 2018] [php7:notice] [pid 5812:tid 1940] [client ::1:53226] PHP Notice:  Undefined index: convert in C:\\xampp\\htdocs\\currency\\index.php on line 33, referer: http://localhost/
[Sun Oct 28 15:40:42.045949 2018] [php7:notice] [pid 5812:tid 1940] [client ::1:53226] PHP Notice:  Undefined variable: result in C:\\xampp\\htdocs\\currency\\index.php on line 45, referer: http://localhost/
[Sun Oct 28 15:40:51.547155 2018] [php7:notice] [pid 5812:tid 1948] [client ::1:53228] PHP Notice:  Undefined index: rate in C:\\xampp\\htdocs\\currency\\index.php on line 30, referer: http://localhost/
[Sun Oct 28 15:40:51.547155 2018] [php7:notice] [pid 5812:tid 1948] [client ::1:53228] PHP Notice:  Undefined index: from in C:\\xampp\\htdocs\\currency\\index.php on line 31, referer: http://localhost/
[Sun Oct 28 15:40:51.547155 2018] [php7:notice] [pid 5812:tid 1948] [client ::1:53228] PHP Notice:  Undefined index: to in C:\\xampp\\htdocs\\currency\\index.php on line 32, referer: http://localhost/
[Sun Oct 28 15:40:51.547155 2018] [php7:notice] [pid 5812:tid 1948] [client ::1:53228] PHP Notice:  Undefined index: convert in C:\\xampp\\htdocs\\currency\\index.php on line 33, referer: http://localhost/
[Sun Oct 28 15:41:45.767715 2018] [php7:notice] [pid 5812:tid 1940] [client ::1:53234] PHP Notice:  Undefined index: rate in C:\\xampp\\htdocs\\currency\\index.php on line 30, referer: http://localhost/
[Sun Oct 28 15:41:45.767715 2018] [php7:notice] [pid 5812:tid 1940] [client ::1:53234] PHP Notice:  Undefined index: from in C:\\xampp\\htdocs\\currency\\index.php on line 31, referer: http://localhost/
[Sun Oct 28 15:41:45.767715 2018] [php7:notice] [pid 5812:tid 1940] [client ::1:53234] PHP Notice:  Undefined index: to in C:\\xampp\\htdocs\\currency\\index.php on line 32, referer: http://localhost/
[Sun Oct 28 15:42:15.616114 2018] [php7:notice] [pid 5812:tid 1948] [client ::1:53240] PHP Notice:  Undefined index: rate in C:\\xampp\\htdocs\\currency\\index.php on line 30, referer: http://localhost/
[Sun Oct 28 15:42:15.616114 2018] [php7:notice] [pid 5812:tid 1948] [client ::1:53240] PHP Notice:  Undefined index: from in C:\\xampp\\htdocs\\currency\\index.php on line 31, referer: http://localhost/
[Sun Oct 28 15:42:15.616114 2018] [php7:notice] [pid 5812:tid 1948] [client ::1:53240] PHP Notice:  Undefined index: to in C:\\xampp\\htdocs\\currency\\index.php on line 32, referer: http://localhost/
[Sun Oct 28 15:42:16.140439 2018] [php7:notice] [pid 5812:tid 1948] [client ::1:53240] PHP Notice:  Undefined index: rate in C:\\xampp\\htdocs\\currency\\index.php on line 30, referer: http://localhost/
[Sun Oct 28 15:42:16.140439 2018] [php7:notice] [pid 5812:tid 1948] [client ::1:53240] PHP Notice:  Undefined index: from in C:\\xampp\\htdocs\\currency\\index.php on line 31, referer: http://localhost/
[Sun Oct 28 15:42:16.140439 2018] [php7:notice] [pid 5812:tid 1948] [client ::1:53240] PHP Notice:  Undefined index: to in C:\\xampp\\htdocs\\currency\\index.php on line 32, referer: http://localhost/
[Sun Oct 28 15:42:19.598847 2018] [php7:notice] [pid 5812:tid 1948] [client ::1:53240] PHP Notice:  Undefined index: rate in C:\\xampp\\htdocs\\currency\\index.php on line 30
[Sun Oct 28 15:42:19.598847 2018] [php7:notice] [pid 5812:tid 1948] [client ::1:53240] PHP Notice:  Undefined index: from in C:\\xampp\\htdocs\\currency\\index.php on line 31
[Sun Oct 28 15:42:19.598847 2018] [php7:notice] [pid 5812:tid 1948] [client ::1:53240] PHP Notice:  Undefined index: to in C:\\xampp\\htdocs\\currency\\index.php on line 32
[Sun Oct 28 15:44:30.638341 2018] [php7:notice] [pid 5812:tid 1940] [client ::1:53248] PHP Notice:  Undefined variable: from in C:\\xampp\\htdocs\\currency\\index.php on line 35
[Sun Oct 28 15:44:30.638341 2018] [php7:notice] [pid 5812:tid 1940] [client ::1:53248] PHP Notice:  Undefined variable: from in C:\\xampp\\htdocs\\currency\\index.php on line 37
[Sun Oct 28 15:44:30.638341 2018] [php7:notice] [pid 5812:tid 1940] [client ::1:53248] PHP Notice:  Undefined variable: from in C:\\xampp\\htdocs\\currency\\index.php on line 39
[Sun Oct 28 15:44:30.638341 2018] [php7:notice] [pid 5812:tid 1940] [client ::1:53248] PHP Notice:  Undefined variable: from in C:\\xampp\\htdocs\\currency\\index.php on line 41
[Sun Oct 28 15:45:38.341805 2018] [php7:notice] [pid 5812:tid 1948] [client ::1:53252] PHP Notice:  Undefined index: rate in C:\\xampp\\htdocs\\currency\\index.php on line 30, referer: http://localhost/
[Sun Oct 28 15:45:38.341805 2018] [php7:notice] [pid 5812:tid 1948] [client ::1:53252] PHP Notice:  Undefined index: from in C:\\xampp\\htdocs\\currency\\index.php on line 31, referer: http://localhost/
[Sun Oct 28 15:45:38.341805 2018] [php7:notice] [pid 5812:tid 1948] [client ::1:53252] PHP Notice:  Undefined index: to in C:\\xampp\\htdocs\\currency\\index.php on line 32, referer: http://localhost/
[Sun Oct 28 15:46:15.084069 2018] [php7:notice] [pid 5812:tid 1940] [client ::1:53254] PHP Notice:  Undefined index: rate in C:\\xampp\\htdocs\\currency\\index.php on line 30, referer: http://localhost/
[Sun Oct 28 15:46:15.088071 2018] [php7:notice] [pid 5812:tid 1940] [client ::1:53254] PHP Notice:  Undefined index: USD in C:\\xampp\\htdocs\\currency\\index.php on line 31, referer: http://localhost/
[Sun Oct 28 15:46:15.088071 2018] [php7:notice] [pid 5812:tid 1940] [client ::1:53254] PHP Notice:  Undefined index: VND in C:\\xampp\\htdocs\\currency\\index.php on line 32, referer: http://localhost/
[Sun Oct 28 15:46:15.088071 2018] [php7:notice] [pid 5812:tid 1940] [client ::1:53254] PHP Notice:  Undefined index: from in C:\\xampp\\htdocs\\currency\\index.php on line 33, referer: http://localhost/
[Sun Oct 28 15:46:15.088071 2018] [php7:notice] [pid 5812:tid 1940] [client ::1:53254] PHP Notice:  Undefined index: to in C:\\xampp\\htdocs\\currency\\index.php on line 34, referer: http://localhost/
[Sun Oct 28 15:46:15.316012 2018] [php7:notice] [pid 5812:tid 1940] [client ::1:53254] PHP Notice:  Undefined index: rate in C:\\xampp\\htdocs\\currency\\index.php on line 30, referer: http://localhost/
[Sun Oct 28 15:46:15.316012 2018] [php7:notice] [pid 5812:tid 1940] [client ::1:53254] PHP Notice:  Undefined index: USD in C:\\xampp\\htdocs\\currency\\index.php on line 31, referer: http://localhost/
[Sun Oct 28 15:46:15.316012 2018] [php7:notice] [pid 5812:tid 1940] [client ::1:53254] PHP Notice:  Undefined index: VND in C:\\xampp\\htdocs\\currency\\index.php on line 32, referer: http://localhost/
[Sun Oct 28 15:46:15.316012 2018] [php7:notice] [pid 5812:tid 1940] [client ::1:53254] PHP Notice:  Undefined index: from in C:\\xampp\\htdocs\\currency\\index.php on line 33, referer: http://localhost/
[Sun Oct 28 15:46:15.316012 2018] [php7:notice] [pid 5812:tid 1940] [client ::1:53254] PHP Notice:  Undefined index: to in C:\\xampp\\htdocs\\currency\\index.php on line 34, referer: http://localhost/
[Sun Oct 28 15:49:56.421368 2018] [php7:notice] [pid 5812:tid 1940] [client ::1:53277] PHP Notice:  Undefined variable: result in C:\\xampp\\htdocs\\currency\\index.php on line 50, referer: http://localhost/currency/
[Sun Oct 28 17:33:00.421765 2018] [php7:notice] [pid 5812:tid 1948] [client ::1:61243] PHP Notice:  Undefined variable: cutomer_list in C:\\xampp\\htdocs\\listKH\\index.php on line 44, referer: http://localhost/
[Sun Oct 28 17:33:00.425778 2018] [php7:warn] [pid 5812:tid 1948] [client ::1:61243] PHP Warning:  count(): Parameter must be an array or an object that implements Countable in C:\\xampp\\htdocs\\listKH\\index.php on line 57, referer: http://localhost/
[Sun Oct 28 17:33:00.425778 2018] [php7:warn] [pid 5812:tid 1948] [client ::1:61243] PHP Warning:  Invalid argument supplied for foreach() in C:\\xampp\\htdocs\\listKH\\index.php on line 63, referer: http://localhost/
[Sun Oct 28 17:35:17.260112 2018] [php7:notice] [pid 5812:tid 1940] [client ::1:61439] PHP Notice:  Undefined variable: customer_list in C:\\xampp\\htdocs\\listKH\\index.php on line 44, referer: http://localhost/
[Sun Oct 28 17:35:17.260112 2018] [php7:warn] [pid 5812:tid 1940] [client ::1:61439] PHP Warning:  count(): Parameter must be an array or an object that implements Countable in C:\\xampp\\htdocs\\listKH\\index.php on line 57, referer: http://localhost/
[Sun Oct 28 17:35:17.260112 2018] [php7:warn] [pid 5812:tid 1940] [client ::1:61439] PHP Warning:  Invalid argument supplied for foreach() in C:\\xampp\\htdocs\\listKH\\index.php on line 63, referer: http://localhost/
[Sun Oct 28 17:35:23.769188 2018] [php7:notice] [pid 5812:tid 1948] [client ::1:61440] PHP Notice:  Undefined variable: customer_list in C:\\xampp\\htdocs\\listKH\\index.php on line 44, referer: http://localhost/
[Sun Oct 28 17:35:23.769188 2018] [php7:warn] [pid 5812:tid 1948] [client ::1:61440] PHP Warning:  count(): Parameter must be an array or an object that implements Countable in C:\\xampp\\htdocs\\listKH\\index.php on line 57, referer: http://localhost/
[Sun Oct 28 17:35:23.769188 2018] [php7:warn] [pid 5812:tid 1948] [client ::1:61440] PHP Warning:  Invalid argument supplied for foreach() in C:\\xampp\\htdocs\\listKH\\index.php on line 63, referer: http://localhost/
[Sun Oct 28 17:35:24.931435 2018] [php7:notice] [pid 5812:tid 1948] [client ::1:61440] PHP Notice:  Undefined variable: customer_list in C:\\xampp\\htdocs\\listKH\\index.php on line 44
[Sun Oct 28 17:35:24.931435 2018] [php7:warn] [pid 5812:tid 1948] [client ::1:61440] PHP Warning:  count(): Parameter must be an array or an object that implements Countable in C:\\xampp\\htdocs\\listKH\\index.php on line 57
[Sun Oct 28 17:35:24.931435 2018] [php7:warn] [pid 5812:tid 1948] [client ::1:61440] PHP Warning:  Invalid argument supplied for foreach() in C:\\xampp\\htdocs\\listKH\\index.php on line 63
[Sun Oct 28 17:35:42.166208 2018] [php7:notice] [pid 5812:tid 1940] [client ::1:61474] PHP Notice:  Undefined variable: customers in C:\\xampp\\htdocs\\listKH\\index.php on line 44
[Sun Oct 28 17:35:42.166208 2018] [php7:warn] [pid 5812:tid 1940] [client ::1:61474] PHP Warning:  count(): Parameter must be an array or an object that implements Countable in C:\\xampp\\htdocs\\listKH\\index.php on line 57
[Sun Oct 28 17:35:42.166208 2018] [php7:warn] [pid 5812:tid 1940] [client ::1:61474] PHP Warning:  Invalid argument supplied for foreach() in C:\\xampp\\htdocs\\listKH\\index.php on line 63
[Sun Oct 28 17:36:20.810632 2018] [php7:notice] [pid 5812:tid 1948] [client ::1:61531] PHP Notice:  Undefined variable: customer_list in C:\\xampp\\htdocs\\listKH\\index.php on line 45
[Sun Oct 28 17:36:20.810632 2018] [php7:warn] [pid 5812:tid 1948] [client ::1:61531] PHP Warning:  count(): Parameter must be an array or an object that implements Countable in C:\\xampp\\htdocs\\listKH\\index.php on line 58
[Sun Oct 28 17:36:20.810632 2018] [php7:warn] [pid 5812:tid 1948] [client ::1:61531] PHP Warning:  Invalid argument supplied for foreach() in C:\\xampp\\htdocs\\listKH\\index.php on line 64
[Sun Oct 28 17:38:39.695280 2018] [php7:notice] [pid 5812:tid 1940] [client ::1:61735] PHP Notice:  Undefined variable: customer_list in C:\\xampp\\htdocs\\listKH\\index.php on line 45
[Sun Oct 28 17:38:39.695280 2018] [php7:warn] [pid 5812:tid 1940] [client ::1:61735] PHP Warning:  count(): Parameter must be an array or an object that implements Countable in C:\\xampp\\htdocs\\listKH\\index.php on line 92
[Sun Oct 28 17:38:39.695280 2018] [php7:warn] [pid 5812:tid 1940] [client ::1:61735] PHP Warning:  Invalid argument supplied for foreach() in C:\\xampp\\htdocs\\listKH\\index.php on line 98
[Sun Oct 28 17:38:49.773504 2018] [php7:notice] [pid 5812:tid 1940] [client ::1:61748] PHP Notice:  Undefined variable: customer_list in C:\\xampp\\htdocs\\listKH\\index.php on line 45, referer: http://localhost/
[Sun Oct 28 17:38:49.777529 2018] [php7:warn] [pid 5812:tid 1940] [client ::1:61748] PHP Warning:  count(): Parameter must be an array or an object that implements Countable in C:\\xampp\\htdocs\\listKH\\index.php on line 92, referer: http://localhost/
[Sun Oct 28 17:38:49.777529 2018] [php7:warn] [pid 5812:tid 1940] [client ::1:61748] PHP Warning:  Invalid argument supplied for foreach() in C:\\xampp\\htdocs\\listKH\\index.php on line 98, referer: http://localhost/
[Sun Oct 28 17:39:01.671631 2018] [php7:notice] [pid 5812:tid 1948] [client ::1:61771] PHP Notice:  Undefined variable: customer_list in C:\\xampp\\htdocs\\listKH\\index.php on line 45, referer: http://localhost/
[Sun Oct 28 17:39:01.671631 2018] [php7:warn] [pid 5812:tid 1948] [client ::1:61771] PHP Warning:  count(): Parameter must be an array or an object that implements Countable in C:\\xampp\\htdocs\\listKH\\index.php on line 92, referer: http://localhost/
[Sun Oct 28 17:39:01.671631 2018] [php7:warn] [pid 5812:tid 1948] [client ::1:61771] PHP Warning:  Invalid argument supplied for foreach() in C:\\xampp\\htdocs\\listKH\\index.php on line 98, referer: http://localhost/
[Sun Oct 28 17:39:02.293138 2018] [php7:notice] [pid 5812:tid 1948] [client ::1:61771] PHP Notice:  Undefined variable: customer_list in C:\\xampp\\htdocs\\listKH\\index.php on line 45, referer: http://localhost/
[Sun Oct 28 17:39:02.293138 2018] [php7:warn] [pid 5812:tid 1948] [client ::1:61771] PHP Warning:  count(): Parameter must be an array or an object that implements Countable in C:\\xampp\\htdocs\\listKH\\index.php on line 92, referer: http://localhost/
[Sun Oct 28 17:39:02.297134 2018] [php7:warn] [pid 5812:tid 1948] [client ::1:61771] PHP Warning:  Invalid argument supplied for foreach() in C:\\xampp\\htdocs\\listKH\\index.php on line 98, referer: http://localhost/
[Sun Oct 28 17:39:05.677899 2018] [php7:notice] [pid 5812:tid 1948] [client ::1:61771] PHP Notice:  Undefined variable: customer_list in C:\\xampp\\htdocs\\listKH\\index.php on line 45, referer: http://localhost/
[Sun Oct 28 17:39:05.681883 2018] [php7:warn] [pid 5812:tid 1948] [client ::1:61771] PHP Warning:  count(): Parameter must be an array or an object that implements Countable in C:\\xampp\\htdocs\\listKH\\index.php on line 92, referer: http://localhost/
[Sun Oct 28 17:39:05.681883 2018] [php7:warn] [pid 5812:tid 1948] [client ::1:61771] PHP Warning:  Invalid argument supplied for foreach() in C:\\xampp\\htdocs\\listKH\\index.php on line 98, referer: http://localhost/
[Sun Oct 28 17:45:23.376249 2018] [php7:notice] [pid 5812:tid 1940] [client ::1:62318] PHP Notice:  Undefined index: name in C:\\xampp\\htdocs\\listKH\\index.php on line 103, referer: http://localhost/
[Sun Oct 28 17:45:23.376249 2018] [php7:notice] [pid 5812:tid 1940] [client ::1:62318] PHP Notice:  Undefined index: day_of_birth in C:\\xampp\\htdocs\\listKH\\index.php on line 104, referer: http://localhost/
[Sun Oct 28 17:45:23.377248 2018] [php7:notice] [pid 5812:tid 1940] [client ::1:62318] PHP Notice:  Undefined index: address in C:\\xampp\\htdocs\\listKH\\index.php on line 105, referer: http://localhost/
[Sun Oct 28 17:45:23.377248 2018] [php7:notice] [pid 5812:tid 1940] [client ::1:62318] PHP Notice:  Undefined index: profile in C:\\xampp\\htdocs\\listKH\\index.php on line 106, referer: http://localhost/
[Sun Oct 28 17:45:23.377248 2018] [php7:notice] [pid 5812:tid 1940] [client ::1:62318] PHP Notice:  Undefined index: name in C:\\xampp\\htdocs\\listKH\\index.php on line 103, referer: http://localhost/
[Sun Oct 28 17:45:23.377248 2018] [php7:notice] [pid 5812:tid 1940] [client ::1:62318] PHP Notice:  Undefined index: day_of_birth in C:\\xampp\\htdocs\\listKH\\index.php on line 104, referer: http://localhost/
[Sun Oct 28 17:45:23.377248 2018] [php7:notice] [pid 5812:tid 1940] [client ::1:62318] PHP Notice:  Undefined index: address in C:\\xampp\\htdocs\\listKH\\index.php on line 105, referer: http://localhost/
[Sun Oct 28 17:45:23.377248 2018] [php7:notice] [pid 5812:tid 1940] [client ::1:62318] PHP Notice:  Undefined index: profile in C:\\xampp\\htdocs\\listKH\\index.php on line 106, referer: http://localhost/
[Sun Oct 28 17:45:23.377248 2018] [php7:notice] [pid 5812:tid 1940] [client ::1:62318] PHP Notice:  Undefined index: name in C:\\xampp\\htdocs\\listKH\\index.php on line 103, referer: http://localhost/
[Sun Oct 28 17:45:23.378247 2018] [php7:notice] [pid 5812:tid 1940] [client ::1:62318] PHP Notice:  Undefined index: day_of_birth in C:\\xampp\\htdocs\\listKH\\index.php on line 104, referer: http://localhost/
[Sun Oct 28 17:45:23.378247 2018] [php7:notice] [pid 5812:tid 1940] [client ::1:62318] PHP Notice:  Undefined index: address in C:\\xampp\\htdocs\\listKH\\index.php on line 105, referer: http://localhost/
[Sun Oct 28 17:45:23.378247 2018] [php7:notice] [pid 5812:tid 1940] [client ::1:62318] PHP Notice:  Undefined index: profile in C:\\xampp\\htdocs\\listKH\\index.php on line 106, referer: http://localhost/
[Sun Oct 28 17:45:23.378247 2018] [php7:notice] [pid 5812:tid 1940] [client ::1:62318] PHP Notice:  Undefined index: name in C:\\xampp\\htdocs\\listKH\\index.php on line 103, referer: http://localhost/
[Sun Oct 28 17:45:23.378247 2018] [php7:notice] [pid 5812:tid 1940] [client ::1:62318] PHP Notice:  Undefined index: day_of_birth in C:\\xampp\\htdocs\\listKH\\index.php on line 104, referer: http://localhost/
[Sun Oct 28 17:45:23.379247 2018] [php7:notice] [pid 5812:tid 1940] [client ::1:62318] PHP Notice:  Undefined index: address in C:\\xampp\\htdocs\\listKH\\index.php on line 105, referer: http://localhost/
[Sun Oct 28 17:45:23.379247 2018] [php7:notice] [pid 5812:tid 1940] [client ::1:62318] PHP Notice:  Undefined index: profile in C:\\xampp\\htdocs\\listKH\\index.php on line 106, referer: http://localhost/
[Sun Oct 28 17:45:23.379247 2018] [php7:notice] [pid 5812:tid 1940] [client ::1:62318] PHP Notice:  Undefined index: name in C:\\xampp\\htdocs\\listKH\\index.php on line 103, referer: http://localhost/
[Sun Oct 28 17:45:23.379247 2018] [php7:notice] [pid 5812:tid 1940] [client ::1:62318] PHP Notice:  Undefined index: day_of_birth in C:\\xampp\\htdocs\\listKH\\index.php on line 104, referer: http://localhost/
[Sun Oct 28 17:45:23.379247 2018] [php7:notice] [pid 5812:tid 1940] [client ::1:62318] PHP Notice:  Undefined index: address in C:\\xampp\\htdocs\\listKH\\index.php on line 105, referer: http://localhost/
[Sun Oct 28 17:45:23.380245 2018] [php7:notice] [pid 5812:tid 1940] [client ::1:62318] PHP Notice:  Undefined index: profile in C:\\xampp\\htdocs\\listKH\\index.php on line 106, referer: http://localhost/
[Sun Oct 28 17:45:23.380245 2018] [php7:notice] [pid 5812:tid 1940] [client ::1:62318] PHP Notice:  Undefined index: name in C:\\xampp\\htdocs\\listKH\\index.php on line 103, referer: http://localhost/
[Sun Oct 28 17:45:23.380245 2018] [php7:notice] [pid 5812:tid 1940] [client ::1:62318] PHP Notice:  Undefined index: day_of_birth in C:\\xampp\\htdocs\\listKH\\index.php on line 104, referer: http://localhost/
[Sun Oct 28 17:45:23.380245 2018] [php7:notice] [pid 5812:tid 1940] [client ::1:62318] PHP Notice:  Undefined index: address in C:\\xampp\\htdocs\\listKH\\index.php on line 105, referer: http://localhost/
[Sun Oct 28 17:45:23.381244 2018] [php7:notice] [pid 5812:tid 1940] [client ::1:62318] PHP Notice:  Undefined index: profile in C:\\xampp\\htdocs\\listKH\\index.php on line 106, referer: http://localhost/
[Sun Oct 28 17:45:37.114282 2018] [php7:notice] [pid 5812:tid 1948] [client ::1:62344] PHP Notice:  Undefined index: name in C:\\xampp\\htdocs\\listKH\\index.php on line 100, referer: http://localhost/
[Sun Oct 28 17:45:37.114282 2018] [php7:notice] [pid 5812:tid 1948] [client ::1:62344] PHP Notice:  Undefined index: day_of_birth in C:\\xampp\\htdocs\\listKH\\index.php on line 101, referer: http://localhost/
[Sun Oct 28 17:45:37.114282 2018] [php7:notice] [pid 5812:tid 1948] [client ::1:62344] PHP Notice:  Undefined index: address in C:\\xampp\\htdocs\\listKH\\index.php on line 102, referer: http://localhost/
[Sun Oct 28 17:45:37.115284 2018] [php7:notice] [pid 5812:tid 1948] [client ::1:62344] PHP Notice:  Undefined index: profile in C:\\xampp\\htdocs\\listKH\\index.php on line 103, referer: http://localhost/
[Sun Oct 28 17:45:37.115284 2018] [php7:notice] [pid 5812:tid 1948] [client ::1:62344] PHP Notice:  Undefined index: name in C:\\xampp\\htdocs\\listKH\\index.php on line 100, referer: http://localhost/
[Sun Oct 28 17:45:37.116282 2018] [php7:notice] [pid 5812:tid 1948] [client ::1:62344] PHP Notice:  Undefined index: day_of_birth in C:\\xampp\\htdocs\\listKH\\index.php on line 101, referer: http://localhost/
[Sun Oct 28 17:45:37.116282 2018] [php7:notice] [pid 5812:tid 1948] [client ::1:62344] PHP Notice:  Undefined index: address in C:\\xampp\\htdocs\\listKH\\index.php on line 102, referer: http://localhost/
[Sun Oct 28 17:45:37.116282 2018] [php7:notice] [pid 5812:tid 1948] [client ::1:62344] PHP Notice:  Undefined index: profile in C:\\xampp\\htdocs\\listKH\\index.php on line 103, referer: http://localhost/
[Sun Oct 28 17:45:37.116282 2018] [php7:notice] [pid 5812:tid 1948] [client ::1:62344] PHP Notice:  Undefined index: name in C:\\xampp\\htdocs\\listKH\\index.php on line 100, referer: http://localhost/
[Sun Oct 28 17:45:37.117281 2018] [php7:notice] [pid 5812:tid 1948] [client ::1:62344] PHP Notice:  Undefined index: day_of_birth in C:\\xampp\\htdocs\\listKH\\index.php on line 101, referer: http://localhost/
[Sun Oct 28 17:45:37.117281 2018] [php7:notice] [pid 5812:tid 1948] [client ::1:62344] PHP Notice:  Undefined index: address in C:\\xampp\\htdocs\\listKH\\index.php on line 102, referer: http://localhost/
[Sun Oct 28 17:45:37.117281 2018] [php7:notice] [pid 5812:tid 1948] [client ::1:62344] PHP Notice:  Undefined index: profile in C:\\xampp\\htdocs\\listKH\\index.php on line 103, referer: http://localhost/
[Sun Oct 28 17:45:37.117281 2018] [php7:notice] [pid 5812:tid 1948] [client ::1:62344] PHP Notice:  Undefined index: name in C:\\xampp\\htdocs\\listKH\\index.php on line 100, referer: http://localhost/
[Sun Oct 28 17:45:37.118280 2018] [php7:notice] [pid 5812:tid 1948] [client ::1:62344] PHP Notice:  Undefined index: day_of_birth in C:\\xampp\\htdocs\\listKH\\index.php on line 101, referer: http://localhost/
[Sun Oct 28 17:45:37.118280 2018] [php7:notice] [pid 5812:tid 1948] [client ::1:62344] PHP Notice:  Undefined index: address in C:\\xampp\\htdocs\\listKH\\index.php on line 102, referer: http://localhost/
[Sun Oct 28 17:45:37.118280 2018] [php7:notice] [pid 5812:tid 1948] [client ::1:62344] PHP Notice:  Undefined index: profile in C:\\xampp\\htdocs\\listKH\\index.php on line 103, referer: http://localhost/
[Sun Oct 28 17:45:37.118280 2018] [php7:notice] [pid 5812:tid 1948] [client ::1:62344] PHP Notice:  Undefined index: name in C:\\xampp\\htdocs\\listKH\\index.php on line 100, referer: http://localhost/
[Sun Oct 28 17:45:37.119286 2018] [php7:notice] [pid 5812:tid 1948] [client ::1:62344] PHP Notice:  Undefined index: day_of_birth in C:\\xampp\\htdocs\\listKH\\index.php on line 101, referer: http://localhost/
[Sun Oct 28 17:45:37.119286 2018] [php7:notice] [pid 5812:tid 1948] [client ::1:62344] PHP Notice:  Undefined index: address in C:\\xampp\\htdocs\\listKH\\index.php on line 102, referer: http://localhost/
[Sun Oct 28 17:45:37.120279 2018] [php7:notice] [pid 5812:tid 1948] [client ::1:62344] PHP Notice:  Undefined index: profile in C:\\xampp\\htdocs\\listKH\\index.php on line 103, referer: http://localhost/
[Sun Oct 28 17:45:37.120279 2018] [php7:notice] [pid 5812:tid 1948] [client ::1:62344] PHP Notice:  Undefined index: name in C:\\xampp\\htdocs\\listKH\\index.php on line 100, referer: http://localhost/
[Sun Oct 28 17:45:37.120279 2018] [php7:notice] [pid 5812:tid 1948] [client ::1:62344] PHP Notice:  Undefined index: day_of_birth in C:\\xampp\\htdocs\\listKH\\index.php on line 101, referer: http://localhost/
[Sun Oct 28 17:45:37.120279 2018] [php7:notice] [pid 5812:tid 1948] [client ::1:62344] PHP Notice:  Undefined index: address in C:\\xampp\\htdocs\\listKH\\index.php on line 102, referer: http://localhost/
[Sun Oct 28 17:45:37.121278 2018] [php7:notice] [pid 5812:tid 1948] [client ::1:62344] PHP Notice:  Undefined index: profile in C:\\xampp\\htdocs\\listKH\\index.php on line 103, referer: http://localhost/
[Sun Oct 28 17:45:56.473485 2018] [php7:notice] [pid 5812:tid 1940] [client ::1:62373] PHP Notice:  Undefined index: name in C:\\xampp\\htdocs\\listKH\\index.php on line 106, referer: http://localhost/
[Sun Oct 28 17:45:56.473485 2018] [php7:notice] [pid 5812:tid 1940] [client ::1:62373] PHP Notice:  Undefined index: day_of_birth in C:\\xampp\\htdocs\\listKH\\index.php on line 107, referer: http://localhost/
[Sun Oct 28 17:45:56.473485 2018] [php7:notice] [pid 5812:tid 1940] [client ::1:62373] PHP Notice:  Undefined index: address in C:\\xampp\\htdocs\\listKH\\index.php on line 108, referer: http://localhost/
[Sun Oct 28 17:45:56.473485 2018] [php7:notice] [pid 5812:tid 1940] [client ::1:62373] PHP Notice:  Undefined index: profile in C:\\xampp\\htdocs\\listKH\\index.php on line 109, referer: http://localhost/
[Sun Oct 28 17:45:56.473485 2018] [php7:notice] [pid 5812:tid 1940] [client ::1:62373] PHP Notice:  Undefined index: name in C:\\xampp\\htdocs\\listKH\\index.php on line 106, referer: http://localhost/
[Sun Oct 28 17:45:56.474484 2018] [php7:notice] [pid 5812:tid 1940] [client ::1:62373] PHP Notice:  Undefined index: day_of_birth in C:\\xampp\\htdocs\\listKH\\index.php on line 107, referer: http://localhost/
[Sun Oct 28 17:45:56.474484 2018] [php7:notice] [pid 5812:tid 1940] [client ::1:62373] PHP Notice:  Undefined index: address in C:\\xampp\\htdocs\\listKH\\index.php on line 108, referer: http://localhost/
[Sun Oct 28 17:45:56.474484 2018] [php7:notice] [pid 5812:tid 1940] [client ::1:62373] PHP Notice:  Undefined index: profile in C:\\xampp\\htdocs\\listKH\\index.php on line 109, referer: http://localhost/
[Sun Oct 28 17:45:56.474484 2018] [php7:notice] [pid 5812:tid 1940] [client ::1:62373] PHP Notice:  Undefined index: name in C:\\xampp\\htdocs\\listKH\\index.php on line 106, referer: http://localhost/
[Sun Oct 28 17:45:56.474484 2018] [php7:notice] [pid 5812:tid 1940] [client ::1:62373] PHP Notice:  Undefined index: day_of_birth in C:\\xampp\\htdocs\\listKH\\index.php on line 107, referer: http://localhost/
[Sun Oct 28 17:45:56.475484 2018] [php7:notice] [pid 5812:tid 1940] [client ::1:62373] PHP Notice:  Undefined index: address in C:\\xampp\\htdocs\\listKH\\index.php on line 108, referer: http://localhost/
[Sun Oct 28 17:45:56.475484 2018] [php7:notice] [pid 5812:tid 1940] [client ::1:62373] PHP Notice:  Undefined index: profile in C:\\xampp\\htdocs\\listKH\\index.php on line 109, referer: http://localhost/
[Sun Oct 28 17:45:56.475484 2018] [php7:notice] [pid 5812:tid 1940] [client ::1:62373] PHP Notice:  Undefined index: name in C:\\xampp\\htdocs\\listKH\\index.php on line 106, referer: http://localhost/
[Sun Oct 28 17:45:56.476483 2018] [php7:notice] [pid 5812:tid 1940] [client ::1:62373] PHP Notice:  Undefined index: day_of_birth in C:\\xampp\\htdocs\\listKH\\index.php on line 107, referer: http://localhost/
[Sun Oct 28 17:45:56.476483 2018] [php7:notice] [pid 5812:tid 1940] [client ::1:62373] PHP Notice:  Undefined index: address in C:\\xampp\\htdocs\\listKH\\index.php on line 108, referer: http://localhost/
[Sun Oct 28 17:45:56.476483 2018] [php7:notice] [pid 5812:tid 1940] [client ::1:62373] PHP Notice:  Undefined index: profile in C:\\xampp\\htdocs\\listKH\\index.php on line 109, referer: http://localhost/
[Sun Oct 28 17:45:56.476483 2018] [php7:notice] [pid 5812:tid 1940] [client ::1:62373] PHP Notice:  Undefined index: name in C:\\xampp\\htdocs\\listKH\\index.php on line 106, referer: http://localhost/
[Sun Oct 28 17:45:56.477482 2018] [php7:notice] [pid 5812:tid 1940] [client ::1:62373] PHP Notice:  Undefined index: day_of_birth in C:\\xampp\\htdocs\\listKH\\index.php on line 107, referer: http://localhost/
[Sun Oct 28 17:45:56.477482 2018] [php7:notice] [pid 5812:tid 1940] [client ::1:62373] PHP Notice:  Undefined index: address in C:\\xampp\\htdocs\\listKH\\index.php on line 108, referer: http://localhost/
[Sun Oct 28 17:45:56.477482 2018] [php7:notice] [pid 5812:tid 1940] [client ::1:62373] PHP Notice:  Undefined index: profile in C:\\xampp\\htdocs\\listKH\\index.php on line 109, referer: http://localhost/
[Sun Oct 28 17:45:56.477482 2018] [php7:notice] [pid 5812:tid 1940] [client ::1:62373] PHP Notice:  Undefined index: name in C:\\xampp\\htdocs\\listKH\\index.php on line 106, referer: http://localhost/
[Sun Oct 28 17:45:56.477482 2018] [php7:notice] [pid 5812:tid 1940] [client ::1:62373] PHP Notice:  Undefined index: day_of_birth in C:\\xampp\\htdocs\\listKH\\index.php on line 107, referer: http://localhost/
[Sun Oct 28 17:45:56.478482 2018] [php7:notice] [pid 5812:tid 1940] [client ::1:62373] PHP Notice:  Undefined index: address in C:\\xampp\\htdocs\\listKH\\index.php on line 108, referer: http://localhost/
[Sun Oct 28 17:45:56.478482 2018] [php7:notice] [pid 5812:tid 1940] [client ::1:62373] PHP Notice:  Undefined index: profile in C:\\xampp\\htdocs\\listKH\\index.php on line 109, referer: http://localhost/
[Sun Oct 28 17:45:58.577540 2018] [php7:notice] [pid 5812:tid 1940] [client ::1:62373] PHP Notice:  Undefined index: name in C:\\xampp\\htdocs\\listKH\\index.php on line 106
[Sun Oct 28 17:45:58.577540 2018] [php7:notice] [pid 5812:tid 1940] [client ::1:62373] PHP Notice:  Undefined index: day_of_birth in C:\\xampp\\htdocs\\listKH\\index.php on line 107
[Sun Oct 28 17:45:58.577540 2018] [php7:notice] [pid 5812:tid 1940] [client ::1:62373] PHP Notice:  Undefined index: address in C:\\xampp\\htdocs\\listKH\\index.php on line 108
[Sun Oct 28 17:45:58.577540 2018] [php7:notice] [pid 5812:tid 1940] [client ::1:62373] PHP Notice:  Undefined index: profile in C:\\xampp\\htdocs\\listKH\\index.php on line 109
[Sun Oct 28 17:45:58.577540 2018] [php7:notice] [pid 5812:tid 1940] [client ::1:62373] PHP Notice:  Undefined index: name in C:\\xampp\\htdocs\\listKH\\index.php on line 106
[Sun Oct 28 17:45:58.577540 2018] [php7:notice] [pid 5812:tid 1940] [client ::1:62373] PHP Notice:  Undefined index: day_of_birth in C:\\xampp\\htdocs\\listKH\\index.php on line 107
[Sun Oct 28 17:45:58.578539 2018] [php7:notice] [pid 5812:tid 1940] [client ::1:62373] PHP Notice:  Undefined index: address in C:\\xampp\\htdocs\\listKH\\index.php on line 108
[Sun Oct 28 17:45:58.578539 2018] [php7:notice] [pid 5812:tid 1940] [client ::1:62373] PHP Notice:  Undefined index: profile in C:\\xampp\\htdocs\\listKH\\index.php on line 109
[Sun Oct 28 17:45:58.578539 2018] [php7:notice] [pid 5812:tid 1940] [client ::1:62373] PHP Notice:  Undefined index: name in C:\\xampp\\htdocs\\listKH\\index.php on line 106
[Sun Oct 28 17:45:58.578539 2018] [php7:notice] [pid 5812:tid 1940] [client ::1:62373] PHP Notice:  Undefined index: day_of_birth in C:\\xampp\\htdocs\\listKH\\index.php on line 107
[Sun Oct 28 17:45:58.578539 2018] [php7:notice] [pid 5812:tid 1940] [client ::1:62373] PHP Notice:  Undefined index: address in C:\\xampp\\htdocs\\listKH\\index.php on line 108
[Sun Oct 28 17:45:58.579540 2018] [php7:notice] [pid 5812:tid 1940] [client ::1:62373] PHP Notice:  Undefined index: profile in C:\\xampp\\htdocs\\listKH\\index.php on line 109
[Sun Oct 28 17:45:58.579540 2018] [php7:notice] [pid 5812:tid 1940] [client ::1:62373] PHP Notice:  Undefined index: name in C:\\xampp\\htdocs\\listKH\\index.php on line 106
[Sun Oct 28 17:45:58.579540 2018] [php7:notice] [pid 5812:tid 1940] [client ::1:62373] PHP Notice:  Undefined index: day_of_birth in C:\\xampp\\htdocs\\listKH\\index.php on line 107
[Sun Oct 28 17:45:58.579540 2018] [php7:notice] [pid 5812:tid 1940] [client ::1:62373] PHP Notice:  Undefined index: address in C:\\xampp\\htdocs\\listKH\\index.php on line 108
[Sun Oct 28 17:45:58.580561 2018] [php7:notice] [pid 5812:tid 1940] [client ::1:62373] PHP Notice:  Undefined index: profile in C:\\xampp\\htdocs\\listKH\\index.php on line 109
[Sun Oct 28 17:45:58.580561 2018] [php7:notice] [pid 5812:tid 1940] [client ::1:62373] PHP Notice:  Undefined index: name in C:\\xampp\\htdocs\\listKH\\index.php on line 106
[Sun Oct 28 17:45:58.580561 2018] [php7:notice] [pid 5812:tid 1940] [client ::1:62373] PHP Notice:  Undefined index: day_of_birth in C:\\xampp\\htdocs\\listKH\\index.php on line 107
[Sun Oct 28 17:45:58.580561 2018] [php7:notice] [pid 5812:tid 1940] [client ::1:62373] PHP Notice:  Undefined index: address in C:\\xampp\\htdocs\\listKH\\index.php on line 108
[Sun Oct 28 17:45:58.581539 2018] [php7:notice] [pid 5812:tid 1940] [client ::1:62373] PHP Notice:  Undefined index: profile in C:\\xampp\\htdocs\\listKH\\index.php on line 109
[Sun Oct 28 17:45:58.581539 2018] [php7:notice] [pid 5812:tid 1940] [client ::1:62373] PHP Notice:  Undefined index: name in C:\\xampp\\htdocs\\listKH\\index.php on line 106
[Sun Oct 28 17:45:58.581539 2018] [php7:notice] [pid 5812:tid 1940] [client ::1:62373] PHP Notice:  Undefined index: day_of_birth in C:\\xampp\\htdocs\\listKH\\index.php on line 107
[Sun Oct 28 17:45:58.581539 2018] [php7:notice] [pid 5812:tid 1940] [client ::1:62373] PHP Notice:  Undefined index: address in C:\\xampp\\htdocs\\listKH\\index.php on line 108
[Sun Oct 28 17:45:58.581539 2018] [php7:notice] [pid 5812:tid 1940] [client ::1:62373] PHP Notice:  Undefined index: profile in C:\\xampp\\htdocs\\listKH\\index.php on line 109
[Sun Oct 28 17:46:02.944408 2018] [php7:notice] [pid 5812:tid 1940] [client ::1:62373] PHP Notice:  Undefined index: name in C:\\xampp\\htdocs\\listKH\\index.php on line 106
[Sun Oct 28 17:46:02.944408 2018] [php7:notice] [pid 5812:tid 1940] [client ::1:62373] PHP Notice:  Undefined index: day_of_birth in C:\\xampp\\htdocs\\listKH\\index.php on line 107
[Sun Oct 28 17:46:02.944408 2018] [php7:notice] [pid 5812:tid 1940] [client ::1:62373] PHP Notice:  Undefined index: address in C:\\xampp\\htdocs\\listKH\\index.php on line 108
[Sun Oct 28 17:46:02.944408 2018] [php7:notice] [pid 5812:tid 1940] [client ::1:62373] PHP Notice:  Undefined index: profile in C:\\xampp\\htdocs\\listKH\\index.php on line 109
[Sun Oct 28 17:46:02.945405 2018] [php7:notice] [pid 5812:tid 1940] [client ::1:62373] PHP Notice:  Undefined index: name in C:\\xampp\\htdocs\\listKH\\index.php on line 106
[Sun Oct 28 17:46:02.945405 2018] [php7:notice] [pid 5812:tid 1940] [client ::1:62373] PHP Notice:  Undefined index: day_of_birth in C:\\xampp\\htdocs\\listKH\\index.php on line 107
[Sun Oct 28 17:46:02.945405 2018] [php7:notice] [pid 5812:tid 1940] [client ::1:62373] PHP Notice:  Undefined index: address in C:\\xampp\\htdocs\\listKH\\index.php on line 108
[Sun Oct 28 17:46:02.945405 2018] [php7:notice] [pid 5812:tid 1940] [client ::1:62373] PHP Notice:  Undefined index: profile in C:\\xampp\\htdocs\\listKH\\index.php on line 109
[Sun Oct 28 17:46:02.946405 2018] [php7:notice] [pid 5812:tid 1940] [client ::1:62373] PHP Notice:  Undefined index: name in C:\\xampp\\htdocs\\listKH\\index.php on line 106
[Sun Oct 28 17:46:02.946405 2018] [php7:notice] [pid 5812:tid 1940] [client ::1:62373] PHP Notice:  Undefined index: day_of_birth in C:\\xampp\\htdocs\\listKH\\index.php on line 107
[Sun Oct 28 17:46:02.946405 2018] [php7:notice] [pid 5812:tid 1940] [client ::1:62373] PHP Notice:  Undefined index: address in C:\\xampp\\htdocs\\listKH\\index.php on line 108
[Sun Oct 28 17:46:02.946405 2018] [php7:notice] [pid 5812:tid 1940] [client ::1:62373] PHP Notice:  Undefined index: profile in C:\\xampp\\htdocs\\listKH\\index.php on line 109
[Sun Oct 28 17:46:02.946405 2018] [php7:notice] [pid 5812:tid 1940] [client ::1:62373] PHP Notice:  Undefined index: name in C:\\xampp\\htdocs\\listKH\\index.php on line 106
[Sun Oct 28 17:46:02.947404 2018] [php7:notice] [pid 5812:tid 1940] [client ::1:62373] PHP Notice:  Undefined index: day_of_birth in C:\\xampp\\htdocs\\listKH\\index.php on line 107
[Sun Oct 28 17:46:02.947404 2018] [php7:notice] [pid 5812:tid 1940] [client ::1:62373] PHP Notice:  Undefined index: address in C:\\xampp\\htdocs\\listKH\\index.php on line 108
[Sun Oct 28 17:46:02.947404 2018] [php7:notice] [pid 5812:tid 1940] [client ::1:62373] PHP Notice:  Undefined index: profile in C:\\xampp\\htdocs\\listKH\\index.php on line 109
[Sun Oct 28 17:46:02.947404 2018] [php7:notice] [pid 5812:tid 1940] [client ::1:62373] PHP Notice:  Undefined index: name in C:\\xampp\\htdocs\\listKH\\index.php on line 106
[Sun Oct 28 17:46:02.948403 2018] [php7:notice] [pid 5812:tid 1940] [client ::1:62373] PHP Notice:  Undefined index: day_of_birth in C:\\xampp\\htdocs\\listKH\\index.php on line 107
[Sun Oct 28 17:46:02.948403 2018] [php7:notice] [pid 5812:tid 1940] [client ::1:62373] PHP Notice:  Undefined index: address in C:\\xampp\\htdocs\\listKH\\index.php on line 108
[Sun Oct 28 17:46:02.948403 2018] [php7:notice] [pid 5812:tid 1940] [client ::1:62373] PHP Notice:  Undefined index: profile in C:\\xampp\\htdocs\\listKH\\index.php on line 109
[Sun Oct 28 17:46:02.948403 2018] [php7:notice] [pid 5812:tid 1940] [client ::1:62373] PHP Notice:  Undefined index: name in C:\\xampp\\htdocs\\listKH\\index.php on line 106
[Sun Oct 28 17:46:02.948403 2018] [php7:notice] [pid 5812:tid 1940] [client ::1:62373] PHP Notice:  Undefined index: day_of_birth in C:\\xampp\\htdocs\\listKH\\index.php on line 107
[Sun Oct 28 17:46:02.948403 2018] [php7:notice] [pid 5812:tid 1940] [client ::1:62373] PHP Notice:  Undefined index: address in C:\\xampp\\htdocs\\listKH\\index.php on line 108
[Sun Oct 28 17:46:02.949384 2018] [php7:notice] [pid 5812:tid 1940] [client ::1:62373] PHP Notice:  Undefined index: profile in C:\\xampp\\htdocs\\listKH\\index.php on line 109
[Sun Oct 28 17:46:13.113265 2018] [php7:notice] [pid 5812:tid 1948] [client ::1:62389] PHP Notice:  Undefined index: name in C:\\xampp\\htdocs\\listKH\\index.php on line 106, referer: http://localhost/
[Sun Oct 28 17:46:13.113265 2018] [php7:notice] [pid 5812:tid 1948] [client ::1:62389] PHP Notice:  Undefined index: day_of_birth in C:\\xampp\\htdocs\\listKH\\index.php on line 107, referer: http://localhost/
[Sun Oct 28 17:46:13.113265 2018] [php7:notice] [pid 5812:tid 1948] [client ::1:62389] PHP Notice:  Undefined index: address in C:\\xampp\\htdocs\\listKH\\index.php on line 108, referer: http://localhost/
[Sun Oct 28 17:46:13.113265 2018] [php7:notice] [pid 5812:tid 1948] [client ::1:62389] PHP Notice:  Undefined index: profile in C:\\xampp\\htdocs\\listKH\\index.php on line 109, referer: http://localhost/
[Sun Oct 28 17:46:13.113265 2018] [php7:notice] [pid 5812:tid 1948] [client ::1:62389] PHP Notice:  Undefined index: name in C:\\xampp\\htdocs\\listKH\\index.php on line 106, referer: http://localhost/
[Sun Oct 28 17:46:13.114266 2018] [php7:notice] [pid 5812:tid 1948] [client ::1:62389] PHP Notice:  Undefined index: day_of_birth in C:\\xampp\\htdocs\\listKH\\index.php on line 107, referer: http://localhost/
[Sun Oct 28 17:46:13.114266 2018] [php7:notice] [pid 5812:tid 1948] [client ::1:62389] PHP Notice:  Undefined index: address in C:\\xampp\\htdocs\\listKH\\index.php on line 108, referer: http://localhost/
[Sun Oct 28 17:46:13.114266 2018] [php7:notice] [pid 5812:tid 1948] [client ::1:62389] PHP Notice:  Undefined index: profile in C:\\xampp\\htdocs\\listKH\\index.php on line 109, referer: http://localhost/
[Sun Oct 28 17:46:13.114266 2018] [php7:notice] [pid 5812:tid 1948] [client ::1:62389] PHP Notice:  Undefined index: name in C:\\xampp\\htdocs\\listKH\\index.php on line 106, referer: http://localhost/
[Sun Oct 28 17:46:13.114266 2018] [php7:notice] [pid 5812:tid 1948] [client ::1:62389] PHP Notice:  Undefined index: day_of_birth in C:\\xampp\\htdocs\\listKH\\index.php on line 107, referer: http://localhost/
[Sun Oct 28 17:46:13.114266 2018] [php7:notice] [pid 5812:tid 1948] [client ::1:62389] PHP Notice:  Undefined index: address in C:\\xampp\\htdocs\\listKH\\index.php on line 108, referer: http://localhost/
[Sun Oct 28 17:46:13.114266 2018] [php7:notice] [pid 5812:tid 1948] [client ::1:62389] PHP Notice:  Undefined index: profile in C:\\xampp\\htdocs\\listKH\\index.php on line 109, referer: http://localhost/
[Sun Oct 28 17:46:13.115285 2018] [php7:notice] [pid 5812:tid 1948] [client ::1:62389] PHP Notice:  Undefined index: name in C:\\xampp\\htdocs\\listKH\\index.php on line 106, referer: http://localhost/
[Sun Oct 28 17:46:13.115285 2018] [php7:notice] [pid 5812:tid 1948] [client ::1:62389] PHP Notice:  Undefined index: day_of_birth in C:\\xampp\\htdocs\\listKH\\index.php on line 107, referer: http://localhost/
[Sun Oct 28 17:46:13.115285 2018] [php7:notice] [pid 5812:tid 1948] [client ::1:62389] PHP Notice:  Undefined index: address in C:\\xampp\\htdocs\\listKH\\index.php on line 108, referer: http://localhost/
[Sun Oct 28 17:46:13.115285 2018] [php7:notice] [pid 5812:tid 1948] [client ::1:62389] PHP Notice:  Undefined index: profile in C:\\xampp\\htdocs\\listKH\\index.php on line 109, referer: http://localhost/
[Sun Oct 28 17:46:13.115285 2018] [php7:notice] [pid 5812:tid 1948] [client ::1:62389] PHP Notice:  Undefined index: name in C:\\xampp\\htdocs\\listKH\\index.php on line 106, referer: http://localhost/
[Sun Oct 28 17:46:13.115285 2018] [php7:notice] [pid 5812:tid 1948] [client ::1:62389] PHP Notice:  Undefined index: day_of_birth in C:\\xampp\\htdocs\\listKH\\index.php on line 107, referer: http://localhost/
[Sun Oct 28 17:46:13.116265 2018] [php7:notice] [pid 5812:tid 1948] [client ::1:62389] PHP Notice:  Undefined index: address in C:\\xampp\\htdocs\\listKH\\index.php on line 108, referer: http://localhost/
[Sun Oct 28 17:46:13.116265 2018] [php7:notice] [pid 5812:tid 1948] [client ::1:62389] PHP Notice:  Undefined index: profile in C:\\xampp\\htdocs\\listKH\\index.php on line 109, referer: http://localhost/
[Sun Oct 28 17:46:13.116265 2018] [php7:notice] [pid 5812:tid 1948] [client ::1:62389] PHP Notice:  Undefined index: name in C:\\xampp\\htdocs\\listKH\\index.php on line 106, referer: http://localhost/
[Sun Oct 28 17:46:13.116265 2018] [php7:notice] [pid 5812:tid 1948] [client ::1:62389] PHP Notice:  Undefined index: day_of_birth in C:\\xampp\\htdocs\\listKH\\index.php on line 107, referer: http://localhost/
[Sun Oct 28 17:46:13.116265 2018] [php7:notice] [pid 5812:tid 1948] [client ::1:62389] PHP Notice:  Undefined index: address in C:\\xampp\\htdocs\\listKH\\index.php on line 108, referer: http://localhost/
[Sun Oct 28 17:46:13.116265 2018] [php7:notice] [pid 5812:tid 1948] [client ::1:62389] PHP Notice:  Undefined index: profile in C:\\xampp\\htdocs\\listKH\\index.php on line 109, referer: http://localhost/
[Sun Oct 28 17:48:10.311950 2018] [php7:notice] [pid 5812:tid 1940] [client ::1:62562] PHP Notice:  Undefined index: sex in C:\\xampp\\htdocs\\listKH\\index.php on line 84, referer: http://localhost/
[Sun Oct 28 17:49:03.088202 2018] [php7:notice] [pid 5812:tid 1948] [client ::1:62639] PHP Notice:  Undefined index: sex in C:\\xampp\\htdocs\\listKH\\index.php on line 85, referer: http://localhost/
[Sun Oct 28 21:15:25.386189 2018] [php7:warn] [pid 5812:tid 1940] [client ::1:57833] PHP Warning:  include(footer.php): failed to open stream: No such file or directory in C:\\xampp\\htdocs\\layout\\index.php on line 16, referer: http://localhost/
[Sun Oct 28 21:15:25.386189 2018] [php7:warn] [pid 5812:tid 1940] [client ::1:57833] PHP Warning:  include(): Failed opening 'footer.php' for inclusion (include_path='C:\\xampp\\php\\PEAR') in C:\\xampp\\htdocs\\layout\\index.php on line 16, referer: http://localhost/
